{"C:\\Users\\sarac\\Desktop\\react\\proyecto\\src\\App.tsx": {"path":"C:\\Users\\sarac\\Desktop\\react\\proyecto\\src\\App.tsx","statementMap":{"0":{"start":{"line":8,"column":22},"end":{"line":19,"column":null}},"1":{"start":{"line":9,"column":2},"end":{"line":17,"column":null}}},"fnMap":{"0":{"name":"(anonymous_0)","decl":{"start":{"line":8,"column":22},"end":{"line":8,"column":28}},"loc":{"start":{"line":8,"column":28},"end":{"line":19,"column":null}},"line":8}},"branchMap":{},"s":{"0":1,"1":2},"f":{"0":2},"b":{},"meta":{"lastBranch":0,"lastFunction":1,"lastStatement":2,"seen":{"s:8:22:19:Infinity":0,"f:8:22:8:28":0,"s:9:2:17:Infinity":1}}}
,"C:\\Users\\sarac\\Desktop\\react\\proyecto\\src\\components\\cart\\CartEmpty\\CartEmpty.tsx": {"path":"C:\\Users\\sarac\\Desktop\\react\\proyecto\\src\\components\\cart\\CartEmpty\\CartEmpty.tsx","statementMap":{"0":{"start":{"line":5,"column":28},"end":{"line":17,"column":null}},"1":{"start":{"line":6,"column":2},"end":{"line":15,"column":null}}},"fnMap":{"0":{"name":"(anonymous_0)","decl":{"start":{"line":5,"column":28},"end":{"line":5,"column":34}},"loc":{"start":{"line":5,"column":34},"end":{"line":17,"column":null}},"line":5}},"branchMap":{},"s":{"0":2,"1":4},"f":{"0":4},"b":{},"meta":{"lastBranch":0,"lastFunction":1,"lastStatement":2,"seen":{"s:5:28:17:Infinity":0,"f:5:28:5:34":0,"s:6:2:15:Infinity":1}}}
,"C:\\Users\\sarac\\Desktop\\react\\proyecto\\src\\components\\cart\\CartItem\\CartItem.tsx": {"path":"C:\\Users\\sarac\\Desktop\\react\\proyecto\\src\\components\\cart\\CartItem\\CartItem.tsx","statementMap":{"0":{"start":{"line":12,"column":42},"end":{"line":53,"column":null}},"1":{"start":{"line":13,"column":23},"end":{"line":15,"column":null}},"2":{"start":{"line":14,"column":4},"end":{"line":14,"column":null}},"3":{"start":{"line":17,"column":2},"end":{"line":17,"column":null}},"4":{"start":{"line":17,"column":13},"end":{"line":17,"column":null}},"5":{"start":{"line":19,"column":23},"end":{"line":19,"column":null}},"6":{"start":{"line":21,"column":2},"end":{"line":51,"column":null}}},"fnMap":{"0":{"name":"(anonymous_0)","decl":{"start":{"line":12,"column":42},"end":{"line":12,"column":43}},"loc":{"start":{"line":12,"column":66},"end":{"line":53,"column":null}},"line":12},"1":{"name":"(anonymous_1)","decl":{"start":{"line":13,"column":23},"end":{"line":13,"column":35}},"loc":{"start":{"line":13,"column":35},"end":{"line":15,"column":null}},"line":13}},"branchMap":{"0":{"loc":{"start":{"line":17,"column":2},"end":{"line":17,"column":null}},"type":"if","locations":[{"start":{"line":17,"column":2},"end":{"line":17,"column":null}},{"start":{},"end":{}}],"line":17},"1":{"loc":{"start":{"line":19,"column":23},"end":{"line":19,"column":null}},"type":"binary-expr","locations":[{"start":{"line":19,"column":23},"end":{"line":19,"column":49}},{"start":{"line":19,"column":49},"end":{"line":19,"column":64}},{"start":{"line":19,"column":64},"end":{"line":19,"column":null}}],"line":19}},"s":{"0":2,"1":11,"2":2,"3":11,"4":1,"5":10,"6":11},"f":{"0":11,"1":2},"b":{"0":[1,10],"1":[10,6,5]},"meta":{"lastBranch":2,"lastFunction":2,"lastStatement":7,"seen":{"s:12:42:53:Infinity":0,"f:12:42:12:43":0,"s:13:23:15:Infinity":1,"f:13:23:13:35":1,"s:14:4:14:Infinity":2,"b:17:2:17:Infinity:undefined:undefined:undefined:undefined":0,"s:17:2:17:Infinity":3,"s:17:13:17:Infinity":4,"s:19:23:19:Infinity":5,"b:19:23:19:49:19:49:19:64:19:64:19:Infinity":1,"s:21:2:51:Infinity":6}}}
,"C:\\Users\\sarac\\Desktop\\react\\proyecto\\src\\components\\cart\\CartSummary\\CartSummary.tsx": {"path":"C:\\Users\\sarac\\Desktop\\react\\proyecto\\src\\components\\cart\\CartSummary\\CartSummary.tsx","statementMap":{"0":{"start":{"line":9,"column":48},"end":{"line":39,"column":null}},"1":{"start":{"line":10,"column":2},"end":{"line":37,"column":null}}},"fnMap":{"0":{"name":"(anonymous_0)","decl":{"start":{"line":9,"column":48},"end":{"line":9,"column":49}},"loc":{"start":{"line":9,"column":63},"end":{"line":39,"column":null}},"line":9}},"branchMap":{},"s":{"0":2,"1":10},"f":{"0":10},"b":{},"meta":{"lastBranch":0,"lastFunction":1,"lastStatement":2,"seen":{"s:9:48:39:Infinity":0,"f:9:48:9:49":0,"s:10:2:37:Infinity":1}}}
,"C:\\Users\\sarac\\Desktop\\react\\proyecto\\src\\components\\checkout\\OrderSuccess\\OrderSuccess.tsx": {"path":"C:\\Users\\sarac\\Desktop\\react\\proyecto\\src\\components\\checkout\\OrderSuccess\\OrderSuccess.tsx","statementMap":{"0":{"start":{"line":6,"column":31},"end":{"line":34,"column":null}},"1":{"start":{"line":7,"column":8},"end":{"line":7,"column":null}},"2":{"start":{"line":9,"column":2},"end":{"line":32,"column":null}},"3":{"start":{"line":27,"column":25},"end":{"line":27,"column":null}}},"fnMap":{"0":{"name":"(anonymous_0)","decl":{"start":{"line":6,"column":31},"end":{"line":6,"column":37}},"loc":{"start":{"line":6,"column":37},"end":{"line":34,"column":null}},"line":6},"1":{"name":"(anonymous_1)","decl":{"start":{"line":27,"column":19},"end":{"line":27,"column":25}},"loc":{"start":{"line":27,"column":25},"end":{"line":27,"column":null}},"line":27}},"branchMap":{},"s":{"0":2,"1":4,"2":4,"3":1},"f":{"0":4,"1":1},"b":{},"meta":{"lastBranch":0,"lastFunction":2,"lastStatement":4,"seen":{"s:6:31:34:Infinity":0,"f:6:31:6:37":0,"s:7:8:7:Infinity":1,"s:9:2:32:Infinity":2,"f:27:19:27:25":1,"s:27:25:27:Infinity":3}}}
,"C:\\Users\\sarac\\Desktop\\react\\proyecto\\src\\components\\checkout\\PaymentForm\\PaymentForm.tsx": {"path":"C:\\Users\\sarac\\Desktop\\react\\proyecto\\src\\components\\checkout\\PaymentForm\\PaymentForm.tsx","statementMap":{"0":{"start":{"line":14,"column":20},"end":{"line":130,"column":null}},"1":{"start":{"line":22,"column":23},"end":{"line":39,"column":null}},"2":{"start":{"line":23,"column":26},"end":{"line":23,"column":null}},"3":{"start":{"line":25,"column":4},"end":{"line":32,"column":null}},"4":{"start":{"line":26,"column":6},"end":{"line":26,"column":null}},"5":{"start":{"line":27,"column":4},"end":{"line":32,"column":null}},"6":{"start":{"line":28,"column":6},"end":{"line":28,"column":null}},"7":{"start":{"line":29,"column":6},"end":{"line":29,"column":null}},"8":{"start":{"line":29,"column":28},"end":{"line":29,"column":null}},"9":{"start":{"line":30,"column":4},"end":{"line":32,"column":null}},"10":{"start":{"line":31,"column":6},"end":{"line":31,"column":null}},"11":{"start":{"line":34,"column":4},"end":{"line":34,"column":null}},"12":{"start":{"line":34,"column":27},"end":{"line":34,"column":54}},"13":{"start":{"line":36,"column":4},"end":{"line":38,"column":null}},"14":{"start":{"line":37,"column":6},"end":{"line":37,"column":null}},"15":{"start":{"line":37,"column":27},"end":{"line":37,"column":51}},"16":{"start":{"line":41,"column":19},"end":{"line":49,"column":null}},"17":{"start":{"line":42,"column":38},"end":{"line":42,"column":null}},"18":{"start":{"line":43,"column":4},"end":{"line":43,"column":null}},"19":{"start":{"line":43,"column":65},"end":{"line":43,"column":null}},"20":{"start":{"line":44,"column":4},"end":{"line":44,"column":null}},"21":{"start":{"line":44,"column":56},"end":{"line":44,"column":null}},"22":{"start":{"line":45,"column":4},"end":{"line":45,"column":null}},"23":{"start":{"line":45,"column":50},"end":{"line":45,"column":null}},"24":{"start":{"line":47,"column":4},"end":{"line":47,"column":null}},"25":{"start":{"line":48,"column":4},"end":{"line":48,"column":null}},"26":{"start":{"line":51,"column":23},"end":{"line":54,"column":null}},"27":{"start":{"line":52,"column":4},"end":{"line":52,"column":null}},"28":{"start":{"line":53,"column":4},"end":{"line":53,"column":null}},"29":{"start":{"line":53,"column":20},"end":{"line":53,"column":null}},"30":{"start":{"line":56,"column":2},"end":{"line":128,"column":null}}},"fnMap":{"0":{"name":"(anonymous_0)","decl":{"start":{"line":14,"column":20},"end":{"line":14,"column":44}},"loc":{"start":{"line":21,"column":27},"end":{"line":130,"column":null}},"line":21},"1":{"name":"(anonymous_1)","decl":{"start":{"line":22,"column":23},"end":{"line":22,"column":24}},"loc":{"start":{"line":22,"column":61},"end":{"line":39,"column":null}},"line":22},"2":{"name":"(anonymous_2)","decl":{"start":{"line":34,"column":16},"end":{"line":34,"column":17}},"loc":{"start":{"line":34,"column":27},"end":{"line":34,"column":54}},"line":34},"3":{"name":"(anonymous_3)","decl":{"start":{"line":37,"column":16},"end":{"line":37,"column":17}},"loc":{"start":{"line":37,"column":27},"end":{"line":37,"column":51}},"line":37},"4":{"name":"(anonymous_4)","decl":{"start":{"line":41,"column":19},"end":{"line":41,"column":34}},"loc":{"start":{"line":41,"column":34},"end":{"line":49,"column":null}},"line":41},"5":{"name":"(anonymous_5)","decl":{"start":{"line":51,"column":23},"end":{"line":51,"column":24}},"loc":{"start":{"line":51,"column":41},"end":{"line":54,"column":null}},"line":51}},"branchMap":{"0":{"loc":{"start":{"line":25,"column":4},"end":{"line":32,"column":null}},"type":"if","locations":[{"start":{"line":25,"column":4},"end":{"line":32,"column":null}},{"start":{"line":27,"column":4},"end":{"line":32,"column":null}}],"line":25},"1":{"loc":{"start":{"line":27,"column":4},"end":{"line":32,"column":null}},"type":"if","locations":[{"start":{"line":27,"column":4},"end":{"line":32,"column":null}},{"start":{"line":30,"column":4},"end":{"line":32,"column":null}}],"line":27},"2":{"loc":{"start":{"line":29,"column":6},"end":{"line":29,"column":null}},"type":"if","locations":[{"start":{"line":29,"column":6},"end":{"line":29,"column":null}},{"start":{},"end":{}}],"line":29},"3":{"loc":{"start":{"line":30,"column":4},"end":{"line":32,"column":null}},"type":"if","locations":[{"start":{"line":30,"column":4},"end":{"line":32,"column":null}},{"start":{},"end":{}}],"line":30},"4":{"loc":{"start":{"line":36,"column":4},"end":{"line":38,"column":null}},"type":"if","locations":[{"start":{"line":36,"column":4},"end":{"line":38,"column":null}},{"start":{},"end":{}}],"line":36},"5":{"loc":{"start":{"line":43,"column":4},"end":{"line":43,"column":null}},"type":"if","locations":[{"start":{"line":43,"column":4},"end":{"line":43,"column":null}},{"start":{},"end":{}}],"line":43},"6":{"loc":{"start":{"line":43,"column":8},"end":{"line":43,"column":65}},"type":"binary-expr","locations":[{"start":{"line":43,"column":8},"end":{"line":43,"column":32}},{"start":{"line":43,"column":32},"end":{"line":43,"column":65}}],"line":43},"7":{"loc":{"start":{"line":44,"column":4},"end":{"line":44,"column":null}},"type":"if","locations":[{"start":{"line":44,"column":4},"end":{"line":44,"column":null}},{"start":{},"end":{}}],"line":44},"8":{"loc":{"start":{"line":44,"column":8},"end":{"line":44,"column":56}},"type":"binary-expr","locations":[{"start":{"line":44,"column":8},"end":{"line":44,"column":28}},{"start":{"line":44,"column":28},"end":{"line":44,"column":56}}],"line":44},"9":{"loc":{"start":{"line":45,"column":4},"end":{"line":45,"column":null}},"type":"if","locations":[{"start":{"line":45,"column":4},"end":{"line":45,"column":null}},{"start":{},"end":{}}],"line":45},"10":{"loc":{"start":{"line":45,"column":8},"end":{"line":45,"column":50}},"type":"binary-expr","locations":[{"start":{"line":45,"column":8},"end":{"line":45,"column":25}},{"start":{"line":45,"column":25},"end":{"line":45,"column":50}}],"line":45},"11":{"loc":{"start":{"line":53,"column":4},"end":{"line":53,"column":null}},"type":"if","locations":[{"start":{"line":53,"column":4},"end":{"line":53,"column":null}},{"start":{},"end":{}}],"line":53},"12":{"loc":{"start":{"line":72,"column":23},"end":{"line":72,"column":null}},"type":"cond-expr","locations":[{"start":{"line":72,"column":43},"end":{"line":72,"column":58}},{"start":{"line":72,"column":58},"end":{"line":72,"column":null}}],"line":72},"13":{"loc":{"start":{"line":74,"column":30},"end":{"line":74,"column":null}},"type":"cond-expr","locations":[{"start":{"line":74,"column":50},"end":{"line":74,"column":65}},{"start":{"line":74,"column":65},"end":{"line":74,"column":null}}],"line":74},"14":{"loc":{"start":{"line":77,"column":11},"end":{"line":77,"column":null}},"type":"binary-expr","locations":[{"start":{"line":77,"column":11},"end":{"line":77,"column":32}},{"start":{"line":77,"column":32},"end":{"line":77,"column":null}}],"line":77},"15":{"loc":{"start":{"line":93,"column":25},"end":{"line":93,"column":null}},"type":"cond-expr","locations":[{"start":{"line":93,"column":41},"end":{"line":93,"column":56}},{"start":{"line":93,"column":56},"end":{"line":93,"column":null}}],"line":93},"16":{"loc":{"start":{"line":95,"column":32},"end":{"line":95,"column":null}},"type":"cond-expr","locations":[{"start":{"line":95,"column":48},"end":{"line":95,"column":65}},{"start":{"line":95,"column":65},"end":{"line":95,"column":null}}],"line":95},"17":{"loc":{"start":{"line":98,"column":13},"end":{"line":98,"column":null}},"type":"binary-expr","locations":[{"start":{"line":98,"column":13},"end":{"line":98,"column":30}},{"start":{"line":98,"column":30},"end":{"line":98,"column":null}}],"line":98},"18":{"loc":{"start":{"line":112,"column":25},"end":{"line":112,"column":null}},"type":"cond-expr","locations":[{"start":{"line":112,"column":38},"end":{"line":112,"column":53}},{"start":{"line":112,"column":53},"end":{"line":112,"column":null}}],"line":112},"19":{"loc":{"start":{"line":114,"column":32},"end":{"line":114,"column":null}},"type":"cond-expr","locations":[{"start":{"line":114,"column":45},"end":{"line":114,"column":59}},{"start":{"line":114,"column":59},"end":{"line":114,"column":null}}],"line":114},"20":{"loc":{"start":{"line":117,"column":13},"end":{"line":117,"column":null}},"type":"binary-expr","locations":[{"start":{"line":117,"column":13},"end":{"line":117,"column":27}},{"start":{"line":117,"column":27},"end":{"line":117,"column":null}}],"line":117}},"s":{"0":2,"1":11,"2":5,"3":5,"4":2,"5":3,"6":1,"7":1,"8":1,"9":2,"10":2,"11":5,"12":4,"13":5,"14":1,"15":1,"16":11,"17":3,"18":3,"19":1,"20":3,"21":1,"22":3,"23":1,"24":3,"25":3,"26":11,"27":3,"28":3,"29":2,"30":11},"f":{"0":11,"1":5,"2":4,"3":1,"4":3,"5":3},"b":{"0":[2,3],"1":[1,2],"2":[1,0],"3":[2,0],"4":[1,4],"5":[1,2],"6":[3,3],"7":[1,2],"8":[3,3],"9":[1,2],"10":[3,3],"11":[2,1],"12":[2,9],"13":[2,9],"14":[11,2],"15":[1,10],"16":[1,10],"17":[11,1],"18":[1,10],"19":[1,10],"20":[11,1]},"meta":{"lastBranch":21,"lastFunction":6,"lastStatement":31,"seen":{"s:14:20:130:Infinity":0,"f:14:20:14:44":0,"s:22:23:39:Infinity":1,"f:22:23:22:24":1,"s:23:26:23:Infinity":2,"b:25:4:32:Infinity:27:4:32:Infinity":0,"s:25:4:32:Infinity":3,"s:26:6:26:Infinity":4,"b:27:4:32:Infinity:30:4:32:Infinity":1,"s:27:4:32:Infinity":5,"s:28:6:28:Infinity":6,"b:29:6:29:Infinity:undefined:undefined:undefined:undefined":2,"s:29:6:29:Infinity":7,"s:29:28:29:Infinity":8,"b:30:4:32:Infinity:undefined:undefined:undefined:undefined":3,"s:30:4:32:Infinity":9,"s:31:6:31:Infinity":10,"s:34:4:34:Infinity":11,"f:34:16:34:17":2,"s:34:27:34:54":12,"b:36:4:38:Infinity:undefined:undefined:undefined:undefined":4,"s:36:4:38:Infinity":13,"s:37:6:37:Infinity":14,"f:37:16:37:17":3,"s:37:27:37:51":15,"s:41:19:49:Infinity":16,"f:41:19:41:34":4,"s:42:38:42:Infinity":17,"b:43:4:43:Infinity:undefined:undefined:undefined:undefined":5,"s:43:4:43:Infinity":18,"b:43:8:43:32:43:32:43:65":6,"s:43:65:43:Infinity":19,"b:44:4:44:Infinity:undefined:undefined:undefined:undefined":7,"s:44:4:44:Infinity":20,"b:44:8:44:28:44:28:44:56":8,"s:44:56:44:Infinity":21,"b:45:4:45:Infinity:undefined:undefined:undefined:undefined":9,"s:45:4:45:Infinity":22,"b:45:8:45:25:45:25:45:50":10,"s:45:50:45:Infinity":23,"s:47:4:47:Infinity":24,"s:48:4:48:Infinity":25,"s:51:23:54:Infinity":26,"f:51:23:51:24":5,"s:52:4:52:Infinity":27,"b:53:4:53:Infinity:undefined:undefined:undefined:undefined":11,"s:53:4:53:Infinity":28,"s:53:20:53:Infinity":29,"s:56:2:128:Infinity":30,"b:72:43:72:58:72:58:72:Infinity":12,"b:74:50:74:65:74:65:74:Infinity":13,"b:77:11:77:32:77:32:77:Infinity":14,"b:93:41:93:56:93:56:93:Infinity":15,"b:95:48:95:65:95:65:95:Infinity":16,"b:98:13:98:30:98:30:98:Infinity":17,"b:112:38:112:53:112:53:112:Infinity":18,"b:114:45:114:59:114:59:114:Infinity":19,"b:117:13:117:27:117:27:117:Infinity":20}}}
,"C:\\Users\\sarac\\Desktop\\react\\proyecto\\src\\components\\checkout\\ShippingForm\\ShippingForm.tsx": {"path":"C:\\Users\\sarac\\Desktop\\react\\proyecto\\src\\components\\checkout\\ShippingForm\\ShippingForm.tsx","statementMap":{"0":{"start":{"line":13,"column":21},"end":{"line":173,"column":null}},"1":{"start":{"line":20,"column":23},"end":{"line":28,"column":null}},"2":{"start":{"line":21,"column":28},"end":{"line":21,"column":null}},"3":{"start":{"line":23,"column":4},"end":{"line":23,"column":null}},"4":{"start":{"line":23,"column":27},"end":{"line":23,"column":54}},"5":{"start":{"line":25,"column":4},"end":{"line":27,"column":null}},"6":{"start":{"line":26,"column":6},"end":{"line":26,"column":null}},"7":{"start":{"line":26,"column":27},"end":{"line":26,"column":51}},"8":{"start":{"line":30,"column":19},"end":{"line":43,"column":null}},"9":{"start":{"line":31,"column":39},"end":{"line":31,"column":null}},"10":{"start":{"line":32,"column":23},"end":{"line":32,"column":null}},"11":{"start":{"line":34,"column":4},"end":{"line":34,"column":null}},"12":{"start":{"line":34,"column":31},"end":{"line":34,"column":null}},"13":{"start":{"line":35,"column":4},"end":{"line":35,"column":null}},"14":{"start":{"line":35,"column":35},"end":{"line":35,"column":null}},"15":{"start":{"line":36,"column":4},"end":{"line":36,"column":null}},"16":{"start":{"line":36,"column":42},"end":{"line":36,"column":null}},"17":{"start":{"line":37,"column":4},"end":{"line":37,"column":null}},"18":{"start":{"line":37,"column":34},"end":{"line":37,"column":null}},"19":{"start":{"line":38,"column":4},"end":{"line":38,"column":null}},"20":{"start":{"line":38,"column":31},"end":{"line":38,"column":null}},"21":{"start":{"line":39,"column":4},"end":{"line":39,"column":null}},"22":{"start":{"line":39,"column":39},"end":{"line":39,"column":null}},"23":{"start":{"line":41,"column":4},"end":{"line":41,"column":null}},"24":{"start":{"line":42,"column":4},"end":{"line":42,"column":null}},"25":{"start":{"line":45,"column":23},"end":{"line":48,"column":null}},"26":{"start":{"line":46,"column":4},"end":{"line":46,"column":null}},"27":{"start":{"line":47,"column":4},"end":{"line":47,"column":null}},"28":{"start":{"line":47,"column":20},"end":{"line":47,"column":null}},"29":{"start":{"line":50,"column":2},"end":{"line":171,"column":null}}},"fnMap":{"0":{"name":"(anonymous_0)","decl":{"start":{"line":13,"column":21},"end":{"line":13,"column":46}},"loc":{"start":{"line":19,"column":28},"end":{"line":173,"column":null}},"line":19},"1":{"name":"(anonymous_1)","decl":{"start":{"line":20,"column":23},"end":{"line":20,"column":24}},"loc":{"start":{"line":20,"column":61},"end":{"line":28,"column":null}},"line":20},"2":{"name":"(anonymous_2)","decl":{"start":{"line":23,"column":16},"end":{"line":23,"column":17}},"loc":{"start":{"line":23,"column":27},"end":{"line":23,"column":54}},"line":23},"3":{"name":"(anonymous_3)","decl":{"start":{"line":26,"column":16},"end":{"line":26,"column":17}},"loc":{"start":{"line":26,"column":27},"end":{"line":26,"column":51}},"line":26},"4":{"name":"(anonymous_4)","decl":{"start":{"line":30,"column":19},"end":{"line":30,"column":34}},"loc":{"start":{"line":30,"column":34},"end":{"line":43,"column":null}},"line":30},"5":{"name":"(anonymous_5)","decl":{"start":{"line":45,"column":23},"end":{"line":45,"column":24}},"loc":{"start":{"line":45,"column":41},"end":{"line":48,"column":null}},"line":45}},"branchMap":{"0":{"loc":{"start":{"line":25,"column":4},"end":{"line":27,"column":null}},"type":"if","locations":[{"start":{"line":25,"column":4},"end":{"line":27,"column":null}},{"start":{},"end":{}}],"line":25},"1":{"loc":{"start":{"line":34,"column":4},"end":{"line":34,"column":null}},"type":"if","locations":[{"start":{"line":34,"column":4},"end":{"line":34,"column":null}},{"start":{},"end":{}}],"line":34},"2":{"loc":{"start":{"line":35,"column":4},"end":{"line":35,"column":null}},"type":"if","locations":[{"start":{"line":35,"column":4},"end":{"line":35,"column":null}},{"start":{},"end":{}}],"line":35},"3":{"loc":{"start":{"line":36,"column":4},"end":{"line":36,"column":null}},"type":"if","locations":[{"start":{"line":36,"column":4},"end":{"line":36,"column":null}},{"start":{},"end":{}}],"line":36},"4":{"loc":{"start":{"line":37,"column":4},"end":{"line":37,"column":null}},"type":"if","locations":[{"start":{"line":37,"column":4},"end":{"line":37,"column":null}},{"start":{},"end":{}}],"line":37},"5":{"loc":{"start":{"line":38,"column":4},"end":{"line":38,"column":null}},"type":"if","locations":[{"start":{"line":38,"column":4},"end":{"line":38,"column":null}},{"start":{},"end":{}}],"line":38},"6":{"loc":{"start":{"line":39,"column":4},"end":{"line":39,"column":null}},"type":"if","locations":[{"start":{"line":39,"column":4},"end":{"line":39,"column":null}},{"start":{},"end":{}}],"line":39},"7":{"loc":{"start":{"line":47,"column":4},"end":{"line":47,"column":null}},"type":"if","locations":[{"start":{"line":47,"column":4},"end":{"line":47,"column":null}},{"start":{},"end":{}}],"line":47},"8":{"loc":{"start":{"line":65,"column":25},"end":{"line":65,"column":null}},"type":"cond-expr","locations":[{"start":{"line":65,"column":39},"end":{"line":65,"column":54}},{"start":{"line":65,"column":54},"end":{"line":65,"column":null}}],"line":65},"9":{"loc":{"start":{"line":67,"column":32},"end":{"line":67,"column":null}},"type":"cond-expr","locations":[{"start":{"line":67,"column":46},"end":{"line":67,"column":61}},{"start":{"line":67,"column":61},"end":{"line":67,"column":null}}],"line":67},"10":{"loc":{"start":{"line":70,"column":13},"end":{"line":70,"column":null}},"type":"binary-expr","locations":[{"start":{"line":70,"column":13},"end":{"line":70,"column":28}},{"start":{"line":70,"column":28},"end":{"line":70,"column":null}}],"line":70},"11":{"loc":{"start":{"line":83,"column":25},"end":{"line":83,"column":null}},"type":"cond-expr","locations":[{"start":{"line":83,"column":43},"end":{"line":83,"column":58}},{"start":{"line":83,"column":58},"end":{"line":83,"column":null}}],"line":83},"12":{"loc":{"start":{"line":85,"column":32},"end":{"line":85,"column":null}},"type":"cond-expr","locations":[{"start":{"line":85,"column":50},"end":{"line":85,"column":69}},{"start":{"line":85,"column":69},"end":{"line":85,"column":null}}],"line":85},"13":{"loc":{"start":{"line":88,"column":13},"end":{"line":88,"column":null}},"type":"binary-expr","locations":[{"start":{"line":88,"column":13},"end":{"line":88,"column":32}},{"start":{"line":88,"column":32},"end":{"line":88,"column":null}}],"line":88},"14":{"loc":{"start":{"line":102,"column":23},"end":{"line":102,"column":null}},"type":"cond-expr","locations":[{"start":{"line":102,"column":38},"end":{"line":102,"column":53}},{"start":{"line":102,"column":53},"end":{"line":102,"column":null}}],"line":102},"15":{"loc":{"start":{"line":104,"column":30},"end":{"line":104,"column":null}},"type":"cond-expr","locations":[{"start":{"line":104,"column":45},"end":{"line":104,"column":61}},{"start":{"line":104,"column":61},"end":{"line":104,"column":null}}],"line":104},"16":{"loc":{"start":{"line":107,"column":11},"end":{"line":107,"column":null}},"type":"binary-expr","locations":[{"start":{"line":107,"column":11},"end":{"line":107,"column":27}},{"start":{"line":107,"column":27},"end":{"line":107,"column":null}}],"line":107},"17":{"loc":{"start":{"line":120,"column":23},"end":{"line":120,"column":null}},"type":"cond-expr","locations":[{"start":{"line":120,"column":40},"end":{"line":120,"column":55}},{"start":{"line":120,"column":55},"end":{"line":120,"column":null}}],"line":120},"18":{"loc":{"start":{"line":122,"column":30},"end":{"line":122,"column":null}},"type":"cond-expr","locations":[{"start":{"line":122,"column":47},"end":{"line":122,"column":65}},{"start":{"line":122,"column":65},"end":{"line":122,"column":null}}],"line":122},"19":{"loc":{"start":{"line":125,"column":11},"end":{"line":125,"column":null}},"type":"binary-expr","locations":[{"start":{"line":125,"column":11},"end":{"line":125,"column":29}},{"start":{"line":125,"column":29},"end":{"line":125,"column":null}}],"line":125},"20":{"loc":{"start":{"line":139,"column":25},"end":{"line":139,"column":null}},"type":"cond-expr","locations":[{"start":{"line":139,"column":39},"end":{"line":139,"column":54}},{"start":{"line":139,"column":54},"end":{"line":139,"column":null}}],"line":139},"21":{"loc":{"start":{"line":141,"column":32},"end":{"line":141,"column":null}},"type":"cond-expr","locations":[{"start":{"line":141,"column":46},"end":{"line":141,"column":61}},{"start":{"line":141,"column":61},"end":{"line":141,"column":null}}],"line":141},"22":{"loc":{"start":{"line":144,"column":13},"end":{"line":144,"column":null}},"type":"binary-expr","locations":[{"start":{"line":144,"column":13},"end":{"line":144,"column":28}},{"start":{"line":144,"column":28},"end":{"line":144,"column":null}}],"line":144},"23":{"loc":{"start":{"line":158,"column":25},"end":{"line":158,"column":null}},"type":"cond-expr","locations":[{"start":{"line":158,"column":38},"end":{"line":158,"column":53}},{"start":{"line":158,"column":53},"end":{"line":158,"column":null}}],"line":158},"24":{"loc":{"start":{"line":160,"column":32},"end":{"line":160,"column":null}},"type":"cond-expr","locations":[{"start":{"line":160,"column":45},"end":{"line":160,"column":59}},{"start":{"line":160,"column":59},"end":{"line":160,"column":null}}],"line":160},"25":{"loc":{"start":{"line":163,"column":13},"end":{"line":163,"column":null}},"type":"binary-expr","locations":[{"start":{"line":163,"column":13},"end":{"line":163,"column":27}},{"start":{"line":163,"column":27},"end":{"line":163,"column":null}}],"line":163}},"s":{"0":2,"1":28,"2":20,"3":20,"4":20,"5":20,"6":1,"7":1,"8":28,"9":5,"10":5,"11":5,"12":1,"13":5,"14":1,"15":5,"16":1,"17":5,"18":1,"19":5,"20":1,"21":5,"22":1,"23":5,"24":5,"25":28,"26":5,"27":5,"28":4,"29":28},"f":{"0":28,"1":20,"2":20,"3":1,"4":5,"5":5},"b":{"0":[1,19],"1":[1,4],"2":[1,4],"3":[1,4],"4":[1,4],"5":[1,4],"6":[1,4],"7":[4,1],"8":[2,26],"9":[2,26],"10":[28,2],"11":[1,27],"12":[1,27],"13":[28,1],"14":[1,27],"15":[1,27],"16":[28,1],"17":[1,27],"18":[1,27],"19":[28,1],"20":[1,27],"21":[1,27],"22":[28,1],"23":[1,27],"24":[1,27],"25":[28,1]},"meta":{"lastBranch":26,"lastFunction":6,"lastStatement":30,"seen":{"s:13:21:173:Infinity":0,"f:13:21:13:46":0,"s:20:23:28:Infinity":1,"f:20:23:20:24":1,"s:21:28:21:Infinity":2,"s:23:4:23:Infinity":3,"f:23:16:23:17":2,"s:23:27:23:54":4,"b:25:4:27:Infinity:undefined:undefined:undefined:undefined":0,"s:25:4:27:Infinity":5,"s:26:6:26:Infinity":6,"f:26:16:26:17":3,"s:26:27:26:51":7,"s:30:19:43:Infinity":8,"f:30:19:30:34":4,"s:31:39:31:Infinity":9,"s:32:23:32:Infinity":10,"b:34:4:34:Infinity:undefined:undefined:undefined:undefined":1,"s:34:4:34:Infinity":11,"s:34:31:34:Infinity":12,"b:35:4:35:Infinity:undefined:undefined:undefined:undefined":2,"s:35:4:35:Infinity":13,"s:35:35:35:Infinity":14,"b:36:4:36:Infinity:undefined:undefined:undefined:undefined":3,"s:36:4:36:Infinity":15,"s:36:42:36:Infinity":16,"b:37:4:37:Infinity:undefined:undefined:undefined:undefined":4,"s:37:4:37:Infinity":17,"s:37:34:37:Infinity":18,"b:38:4:38:Infinity:undefined:undefined:undefined:undefined":5,"s:38:4:38:Infinity":19,"s:38:31:38:Infinity":20,"b:39:4:39:Infinity:undefined:undefined:undefined:undefined":6,"s:39:4:39:Infinity":21,"s:39:39:39:Infinity":22,"s:41:4:41:Infinity":23,"s:42:4:42:Infinity":24,"s:45:23:48:Infinity":25,"f:45:23:45:24":5,"s:46:4:46:Infinity":26,"b:47:4:47:Infinity:undefined:undefined:undefined:undefined":7,"s:47:4:47:Infinity":27,"s:47:20:47:Infinity":28,"s:50:2:171:Infinity":29,"b:65:39:65:54:65:54:65:Infinity":8,"b:67:46:67:61:67:61:67:Infinity":9,"b:70:13:70:28:70:28:70:Infinity":10,"b:83:43:83:58:83:58:83:Infinity":11,"b:85:50:85:69:85:69:85:Infinity":12,"b:88:13:88:32:88:32:88:Infinity":13,"b:102:38:102:53:102:53:102:Infinity":14,"b:104:45:104:61:104:61:104:Infinity":15,"b:107:11:107:27:107:27:107:Infinity":16,"b:120:40:120:55:120:55:120:Infinity":17,"b:122:47:122:65:122:65:122:Infinity":18,"b:125:11:125:29:125:29:125:Infinity":19,"b:139:39:139:54:139:54:139:Infinity":20,"b:141:46:141:61:141:61:141:Infinity":21,"b:144:13:144:28:144:28:144:Infinity":22,"b:158:38:158:53:158:53:158:Infinity":23,"b:160:45:160:59:160:59:160:Infinity":24,"b:163:13:163:27:163:27:163:Infinity":25}}}
,"C:\\Users\\sarac\\Desktop\\react\\proyecto\\src\\components\\common\\ScrollToTop.tsx": {"path":"C:\\Users\\sarac\\Desktop\\react\\proyecto\\src\\components\\common\\ScrollToTop.tsx","statementMap":{"0":{"start":{"line":4,"column":30},"end":{"line":12,"column":null}},"1":{"start":{"line":5,"column":19},"end":{"line":5,"column":null}},"2":{"start":{"line":7,"column":2},"end":{"line":9,"column":null}},"3":{"start":{"line":8,"column":4},"end":{"line":8,"column":null}},"4":{"start":{"line":11,"column":2},"end":{"line":11,"column":null}}},"fnMap":{"0":{"name":"(anonymous_0)","decl":{"start":{"line":4,"column":30},"end":{"line":4,"column":36}},"loc":{"start":{"line":4,"column":36},"end":{"line":12,"column":null}},"line":4},"1":{"name":"(anonymous_1)","decl":{"start":{"line":7,"column":12},"end":{"line":7,"column":18}},"loc":{"start":{"line":7,"column":18},"end":{"line":9,"column":5}},"line":7}},"branchMap":{},"s":{"0":1,"1":3,"2":3,"3":3,"4":3},"f":{"0":3,"1":3},"b":{},"meta":{"lastBranch":0,"lastFunction":2,"lastStatement":5,"seen":{"s:4:30:12:Infinity":0,"f:4:30:4:36":0,"s:5:19:5:Infinity":1,"s:7:2:9:Infinity":2,"f:7:12:7:18":1,"s:8:4:8:Infinity":3,"s:11:2:11:Infinity":4}}}
,"C:\\Users\\sarac\\Desktop\\react\\proyecto\\src\\components\\common\\Toast\\Toast.tsx": {"path":"C:\\Users\\sarac\\Desktop\\react\\proyecto\\src\\components\\common\\Toast\\Toast.tsx","statementMap":{"0":{"start":{"line":10,"column":36},"end":{"line":24,"column":null}},"1":{"start":{"line":11,"column":2},"end":{"line":22,"column":null}}},"fnMap":{"0":{"name":"(anonymous_0)","decl":{"start":{"line":10,"column":36},"end":{"line":10,"column":37}},"loc":{"start":{"line":10,"column":78},"end":{"line":24,"column":null}},"line":10}},"branchMap":{"0":{"loc":{"start":{"line":10,"column":48},"end":{"line":10,"column":64}},"type":"default-arg","locations":[{"start":{"line":10,"column":57},"end":{"line":10,"column":64}}],"line":10},"1":{"loc":{"start":{"line":19,"column":9},"end":{"line":19,"column":null}},"type":"cond-expr","locations":[{"start":{"line":19,"column":28},"end":{"line":19,"column":34}},{"start":{"line":19,"column":34},"end":{"line":19,"column":null}}],"line":19}},"s":{"0":22,"1":9},"f":{"0":9},"b":{"0":[9],"1":[8,1]},"meta":{"lastBranch":2,"lastFunction":1,"lastStatement":2,"seen":{"s:10:36:24:Infinity":0,"f:10:36:10:37":0,"b:10:57:10:64":0,"s:11:2:22:Infinity":1,"b:19:28:19:34:19:34:19:Infinity":1}}}
,"C:\\Users\\sarac\\Desktop\\react\\proyecto\\src\\components\\layout\\Footer\\Footer.tsx": {"path":"C:\\Users\\sarac\\Desktop\\react\\proyecto\\src\\components\\layout\\Footer\\Footer.tsx","statementMap":{"0":{"start":{"line":7,"column":6},"end":{"line":7,"column":null}},"1":{"start":{"line":9,"column":25},"end":{"line":109,"column":null}},"2":{"start":{"line":10,"column":2},"end":{"line":107,"column":null}}},"fnMap":{"0":{"name":"(anonymous_0)","decl":{"start":{"line":9,"column":25},"end":{"line":9,"column":31}},"loc":{"start":{"line":9,"column":31},"end":{"line":109,"column":null}},"line":9}},"branchMap":{},"s":{"0":1,"1":1,"2":1},"f":{"0":1},"b":{},"meta":{"lastBranch":0,"lastFunction":1,"lastStatement":3,"seen":{"s:7:6:7:Infinity":0,"s:9:25:109:Infinity":1,"f:9:25:9:31":0,"s:10:2:107:Infinity":2}}}
,"C:\\Users\\sarac\\Desktop\\react\\proyecto\\src\\components\\layout\\Header\\Header.tsx": {"path":"C:\\Users\\sarac\\Desktop\\react\\proyecto\\src\\components\\layout\\Header\\Header.tsx","statementMap":{"0":{"start":{"line":13,"column":25},"end":{"line":49,"column":null}},"1":{"start":{"line":14,"column":34},"end":{"line":14,"column":null}},"2":{"start":{"line":16,"column":8},"end":{"line":18,"column":null}},"3":{"start":{"line":17,"column":4},"end":{"line":17,"column":null}},"4":{"start":{"line":17,"column":28},"end":{"line":17,"column":33}},"5":{"start":{"line":20,"column":2},"end":{"line":47,"column":null}}},"fnMap":{"0":{"name":"(anonymous_0)","decl":{"start":{"line":13,"column":25},"end":{"line":13,"column":31}},"loc":{"start":{"line":13,"column":31},"end":{"line":49,"column":null}},"line":13},"1":{"name":"(anonymous_1)","decl":{"start":{"line":16,"column":33},"end":{"line":16,"column":45}},"loc":{"start":{"line":16,"column":45},"end":{"line":18,"column":5}},"line":16},"2":{"name":"(anonymous_2)","decl":{"start":{"line":17,"column":18},"end":{"line":17,"column":19}},"loc":{"start":{"line":17,"column":28},"end":{"line":17,"column":33}},"line":17}},"branchMap":{"0":{"loc":{"start":{"line":41,"column":22},"end":{"line":41,"column":null}},"type":"cond-expr","locations":[{"start":{"line":41,"column":35},"end":{"line":41,"column":55}},{"start":{"line":41,"column":55},"end":{"line":41,"column":null}}],"line":41}},"s":{"0":1,"1":6,"2":6,"3":2,"4":2,"5":6},"f":{"0":6,"1":2,"2":2},"b":{"0":[1,5]},"meta":{"lastBranch":1,"lastFunction":3,"lastStatement":6,"seen":{"s:13:25:49:Infinity":0,"f:13:25:13:31":0,"s:14:34:14:Infinity":1,"s:16:8:18:Infinity":2,"f:16:33:16:45":1,"s:17:4:17:Infinity":3,"f:17:18:17:19":2,"s:17:28:17:33":4,"s:20:2:47:Infinity":5,"b:41:35:41:55:41:55:41:Infinity":0}}}
,"C:\\Users\\sarac\\Desktop\\react\\proyecto\\src\\components\\layout\\Navbar\\Navbar.tsx": {"path":"C:\\Users\\sarac\\Desktop\\react\\proyecto\\src\\components\\layout\\Navbar\\Navbar.tsx","statementMap":{"0":{"start":{"line":17,"column":33},"end":{"line":21,"column":null}},"1":{"start":{"line":23,"column":38},"end":{"line":61,"column":null}},"2":{"start":{"line":24,"column":2},"end":{"line":59,"column":null}},"3":{"start":{"line":46,"column":12},"end":{"line":55,"column":null}}},"fnMap":{"0":{"name":"(anonymous_0)","decl":{"start":{"line":23,"column":38},"end":{"line":23,"column":39}},"loc":{"start":{"line":23,"column":67},"end":{"line":61,"column":null}},"line":23},"1":{"name":"(anonymous_1)","decl":{"start":{"line":45,"column":25},"end":{"line":45,"column":26}},"loc":{"start":{"line":46,"column":12},"end":{"line":55,"column":null}},"line":46}},"branchMap":{"0":{"loc":{"start":{"line":26,"column":7},"end":{"line":27,"column":null}},"type":"binary-expr","locations":[{"start":{"line":26,"column":7},"end":{"line":26,"column":null}},{"start":{"line":27,"column":8},"end":{"line":27,"column":null}}],"line":26},"1":{"loc":{"start":{"line":31,"column":37},"end":{"line":31,"column":60}},"type":"cond-expr","locations":[{"start":{"line":31,"column":46},"end":{"line":31,"column":58}},{"start":{"line":31,"column":58},"end":{"line":31,"column":60}}],"line":31},"2":{"loc":{"start":{"line":32,"column":12},"end":{"line":32,"column":null}},"type":"binary-expr","locations":[{"start":{"line":32,"column":12},"end":{"line":32,"column":18}},{"start":{"line":32,"column":18},"end":{"line":32,"column":null}}],"line":32}},"s":{"0":2,"1":2,"2":7,"3":21},"f":{"0":7,"1":21},"b":{"0":[7,2],"1":[2,5],"2":[7,1]},"meta":{"lastBranch":3,"lastFunction":2,"lastStatement":4,"seen":{"s:17:33:21:Infinity":0,"s:23:38:61:Infinity":1,"f:23:38:23:39":0,"s:24:2:59:Infinity":2,"b:26:7:26:Infinity:27:8:27:Infinity":0,"b:31:46:31:58:31:58:31:60":1,"b:32:12:32:18:32:18:32:Infinity":2,"f:45:25:45:26":1,"s:46:12:55:Infinity":3}}}
,"C:\\Users\\sarac\\Desktop\\react\\proyecto\\src\\components\\product\\ProductCard\\ProductCard.tsx": {"path":"C:\\Users\\sarac\\Desktop\\react\\proyecto\\src\\components\\product\\ProductCard\\ProductCard.tsx","statementMap":{"0":{"start":{"line":19,"column":48},"end":{"line":187,"column":null}},"1":{"start":{"line":20,"column":58},"end":{"line":20,"column":null}},"2":{"start":{"line":21,"column":27},"end":{"line":21,"column":null}},"3":{"start":{"line":22,"column":20},"end":{"line":22,"column":null}},"4":{"start":{"line":24,"column":46},"end":{"line":24,"column":null}},"5":{"start":{"line":25,"column":40},"end":{"line":25,"column":null}},"6":{"start":{"line":27,"column":8},"end":{"line":27,"column":null}},"7":{"start":{"line":28,"column":8},"end":{"line":28,"column":null}},"8":{"start":{"line":30,"column":19},"end":{"line":30,"column":null}},"9":{"start":{"line":31,"column":22},"end":{"line":31,"column":null}},"10":{"start":{"line":32,"column":21},"end":{"line":34,"column":null}},"11":{"start":{"line":36,"column":2},"end":{"line":51,"column":null}},"12":{"start":{"line":37,"column":31},"end":{"line":41,"column":null}},"13":{"start":{"line":38,"column":6},"end":{"line":40,"column":null}},"14":{"start":{"line":39,"column":8},"end":{"line":39,"column":null}},"15":{"start":{"line":43,"column":4},"end":{"line":46,"column":null}},"16":{"start":{"line":44,"column":6},"end":{"line":44,"column":null}},"17":{"start":{"line":45,"column":6},"end":{"line":45,"column":null}},"18":{"start":{"line":48,"column":4},"end":{"line":50,"column":null}},"19":{"start":{"line":49,"column":6},"end":{"line":49,"column":null}},"20":{"start":{"line":53,"column":25},"end":{"line":64,"column":null}},"21":{"start":{"line":54,"column":4},"end":{"line":54,"column":null}},"22":{"start":{"line":55,"column":4},"end":{"line":55,"column":null}},"23":{"start":{"line":57,"column":4},"end":{"line":62,"column":null}},"24":{"start":{"line":58,"column":6},"end":{"line":58,"column":null}},"25":{"start":{"line":60,"column":6},"end":{"line":60,"column":null}},"26":{"start":{"line":61,"column":6},"end":{"line":61,"column":null}},"27":{"start":{"line":63,"column":4},"end":{"line":63,"column":null}},"28":{"start":{"line":66,"column":31},"end":{"line":70,"column":null}},"29":{"start":{"line":67,"column":4},"end":{"line":67,"column":null}},"30":{"start":{"line":68,"column":4},"end":{"line":68,"column":null}},"31":{"start":{"line":69,"column":4},"end":{"line":69,"column":null}},"32":{"start":{"line":72,"column":27},"end":{"line":91,"column":null}},"33":{"start":{"line":73,"column":4},"end":{"line":73,"column":null}},"34":{"start":{"line":74,"column":4},"end":{"line":74,"column":null}},"35":{"start":{"line":76,"column":4},"end":{"line":87,"column":null}},"36":{"start":{"line":89,"column":4},"end":{"line":89,"column":null}},"37":{"start":{"line":90,"column":4},"end":{"line":90,"column":null}},"38":{"start":{"line":93,"column":2},"end":{"line":185,"column":null}},"39":{"start":{"line":119,"column":16},"end":{"line":129,"column":null}},"40":{"start":{"line":123,"column":34},"end":{"line":123,"column":null}},"41":{"start":{"line":173,"column":30},"end":{"line":173,"column":null}},"42":{"start":{"line":174,"column":30},"end":{"line":174,"column":null}}},"fnMap":{"0":{"name":"(anonymous_0)","decl":{"start":{"line":19,"column":48},"end":{"line":19,"column":49}},"loc":{"start":{"line":19,"column":65},"end":{"line":187,"column":null}},"line":19},"1":{"name":"(anonymous_1)","decl":{"start":{"line":36,"column":12},"end":{"line":36,"column":18}},"loc":{"start":{"line":36,"column":18},"end":{"line":51,"column":5}},"line":36},"2":{"name":"(anonymous_2)","decl":{"start":{"line":37,"column":31},"end":{"line":37,"column":32}},"loc":{"start":{"line":37,"column":54},"end":{"line":41,"column":null}},"line":37},"3":{"name":"(anonymous_3)","decl":{"start":{"line":48,"column":11},"end":{"line":48,"column":17}},"loc":{"start":{"line":48,"column":17},"end":{"line":50,"column":null}},"line":48},"4":{"name":"(anonymous_4)","decl":{"start":{"line":53,"column":25},"end":{"line":53,"column":26}},"loc":{"start":{"line":53,"column":50},"end":{"line":64,"column":null}},"line":53},"5":{"name":"(anonymous_5)","decl":{"start":{"line":66,"column":31},"end":{"line":66,"column":32}},"loc":{"start":{"line":66,"column":56},"end":{"line":70,"column":null}},"line":66},"6":{"name":"(anonymous_6)","decl":{"start":{"line":72,"column":27},"end":{"line":72,"column":28}},"loc":{"start":{"line":72,"column":75},"end":{"line":91,"column":null}},"line":72},"7":{"name":"(anonymous_7)","decl":{"start":{"line":118,"column":33},"end":{"line":118,"column":34}},"loc":{"start":{"line":119,"column":16},"end":{"line":129,"column":null}},"line":119},"8":{"name":"(anonymous_8)","decl":{"start":{"line":123,"column":27},"end":{"line":123,"column":28}},"loc":{"start":{"line":123,"column":34},"end":{"line":123,"column":null}},"line":123},"9":{"name":"(anonymous_9)","decl":{"start":{"line":173,"column":24},"end":{"line":173,"column":30}},"loc":{"start":{"line":173,"column":30},"end":{"line":173,"column":null}},"line":173},"10":{"name":"(anonymous_10)","decl":{"start":{"line":174,"column":24},"end":{"line":174,"column":30}},"loc":{"start":{"line":174,"column":30},"end":{"line":174,"column":null}},"line":174}},"branchMap":{"0":{"loc":{"start":{"line":32,"column":21},"end":{"line":34,"column":null}},"type":"cond-expr","locations":[{"start":{"line":33,"column":6},"end":{"line":33,"column":null}},{"start":{"line":34,"column":6},"end":{"line":34,"column":null}}],"line":32},"1":{"loc":{"start":{"line":38,"column":6},"end":{"line":40,"column":null}},"type":"if","locations":[{"start":{"line":38,"column":6},"end":{"line":40,"column":null}},{"start":{},"end":{}}],"line":38},"2":{"loc":{"start":{"line":38,"column":10},"end":{"line":38,"column":78}},"type":"binary-expr","locations":[{"start":{"line":38,"column":10},"end":{"line":38,"column":29}},{"start":{"line":38,"column":29},"end":{"line":38,"column":78}}],"line":38},"3":{"loc":{"start":{"line":43,"column":4},"end":{"line":46,"column":null}},"type":"if","locations":[{"start":{"line":43,"column":4},"end":{"line":46,"column":null}},{"start":{},"end":{}}],"line":43},"4":{"loc":{"start":{"line":57,"column":4},"end":{"line":62,"column":null}},"type":"if","locations":[{"start":{"line":57,"column":4},"end":{"line":62,"column":null}},{"start":{"line":59,"column":11},"end":{"line":62,"column":null}}],"line":57},"5":{"loc":{"start":{"line":83,"column":15},"end":{"line":83,"column":null}},"type":"binary-expr","locations":[{"start":{"line":83,"column":15},"end":{"line":83,"column":41}},{"start":{"line":83,"column":41},"end":{"line":83,"column":null}}],"line":83},"6":{"loc":{"start":{"line":101,"column":11},"end":{"line":102,"column":null}},"type":"binary-expr","locations":[{"start":{"line":101,"column":11},"end":{"line":101,"column":null}},{"start":{"line":102,"column":12},"end":{"line":102,"column":null}}],"line":101},"7":{"loc":{"start":{"line":113,"column":43},"end":{"line":113,"column":78}},"type":"cond-expr","locations":[{"start":{"line":113,"column":62},"end":{"line":113,"column":76}},{"start":{"line":113,"column":76},"end":{"line":113,"column":78}}],"line":113},"8":{"loc":{"start":{"line":122,"column":23},"end":{"line":122,"column":null}},"type":"cond-expr","locations":[{"start":{"line":122,"column":37},"end":{"line":122,"column":52}},{"start":{"line":122,"column":52},"end":{"line":122,"column":null}}],"line":122},"9":{"loc":{"start":{"line":126,"column":28},"end":{"line":126,"column":null}},"type":"cond-expr","locations":[{"start":{"line":126,"column":47},"end":{"line":126,"column":51}},{"start":{"line":126,"column":51},"end":{"line":126,"column":null}}],"line":126},"10":{"loc":{"start":{"line":143,"column":13},"end":{"line":146,"column":null}},"type":"binary-expr","locations":[{"start":{"line":143,"column":13},"end":{"line":143,"column":null}},{"start":{"line":144,"column":14},"end":{"line":146,"column":null}}],"line":143},"11":{"loc":{"start":{"line":155,"column":55},"end":{"line":155,"column":90}},"type":"cond-expr","locations":[{"start":{"line":155,"column":74},"end":{"line":155,"column":88}},{"start":{"line":155,"column":88},"end":{"line":155,"column":90}}],"line":155},"12":{"loc":{"start":{"line":158,"column":22},"end":{"line":158,"column":null}},"type":"cond-expr","locations":[{"start":{"line":158,"column":41},"end":{"line":158,"column":65}},{"start":{"line":158,"column":65},"end":{"line":158,"column":null}}],"line":158},"13":{"loc":{"start":{"line":161,"column":17},"end":{"line":161,"column":null}},"type":"cond-expr","locations":[{"start":{"line":161,"column":36},"end":{"line":161,"column":52}},{"start":{"line":161,"column":52},"end":{"line":161,"column":null}}],"line":161},"14":{"loc":{"start":{"line":171,"column":55},"end":{"line":171,"column":79}},"type":"cond-expr","locations":[{"start":{"line":171,"column":66},"end":{"line":171,"column":77}},{"start":{"line":171,"column":77},"end":{"line":171,"column":79}}],"line":171},"15":{"loc":{"start":{"line":175,"column":22},"end":{"line":175,"column":null}},"type":"cond-expr","locations":[{"start":{"line":175,"column":33},"end":{"line":175,"column":58}},{"start":{"line":175,"column":58},"end":{"line":175,"column":null}}],"line":175},"16":{"loc":{"start":{"line":178,"column":17},"end":{"line":178,"column":null}},"type":"cond-expr","locations":[{"start":{"line":178,"column":45},"end":{"line":178,"column":59}},{"start":{"line":178,"column":59},"end":{"line":178,"column":null}}],"line":178},"17":{"loc":{"start":{"line":178,"column":17},"end":{"line":178,"column":45}},"type":"binary-expr","locations":[{"start":{"line":178,"column":17},"end":{"line":178,"column":29}},{"start":{"line":178,"column":29},"end":{"line":178,"column":45}}],"line":178}},"s":{"0":1,"1":17,"2":17,"3":17,"4":17,"5":17,"6":17,"7":17,"8":17,"9":17,"10":17,"11":17,"12":13,"13":2,"14":1,"15":13,"16":4,"17":4,"18":13,"19":13,"20":17,"21":2,"22":2,"23":2,"24":1,"25":1,"26":1,"27":2,"28":17,"29":4,"30":4,"31":4,"32":17,"33":1,"34":1,"35":1,"36":1,"37":1,"38":17,"39":34,"40":1,"41":1,"42":1},"f":{"0":17,"1":13,"2":2,"3":13,"4":2,"5":4,"6":1,"7":34,"8":1,"9":1,"10":1},"b":{"0":[16,1],"1":[1,1],"2":[2,2],"3":[4,9],"4":[1,1],"5":[1,1],"6":[17,16],"7":[4,13],"8":[17,17],"9":[8,26],"10":[17,16],"11":[4,13],"12":[4,13],"13":[4,13],"14":[1,16],"15":[1,16],"16":[2,15],"17":[17,16]},"meta":{"lastBranch":18,"lastFunction":11,"lastStatement":43,"seen":{"s:19:48:187:Infinity":0,"f:19:48:19:49":0,"s:20:58:20:Infinity":1,"s:21:27:21:Infinity":2,"s:22:20:22:Infinity":3,"s:24:46:24:Infinity":4,"s:25:40:25:Infinity":5,"s:27:8:27:Infinity":6,"s:28:8:28:Infinity":7,"s:30:19:30:Infinity":8,"s:31:22:31:Infinity":9,"s:32:21:34:Infinity":10,"b:33:6:33:Infinity:34:6:34:Infinity":0,"s:36:2:51:Infinity":11,"f:36:12:36:18":1,"s:37:31:41:Infinity":12,"f:37:31:37:32":2,"b:38:6:40:Infinity:undefined:undefined:undefined:undefined":1,"s:38:6:40:Infinity":13,"b:38:10:38:29:38:29:38:78":2,"s:39:8:39:Infinity":14,"b:43:4:46:Infinity:undefined:undefined:undefined:undefined":3,"s:43:4:46:Infinity":15,"s:44:6:44:Infinity":16,"s:45:6:45:Infinity":17,"s:48:4:50:Infinity":18,"f:48:11:48:17":3,"s:49:6:49:Infinity":19,"s:53:25:64:Infinity":20,"f:53:25:53:26":4,"s:54:4:54:Infinity":21,"s:55:4:55:Infinity":22,"b:57:4:62:Infinity:59:11:62:Infinity":4,"s:57:4:62:Infinity":23,"s:58:6:58:Infinity":24,"s:60:6:60:Infinity":25,"s:61:6:61:Infinity":26,"s:63:4:63:Infinity":27,"s:66:31:70:Infinity":28,"f:66:31:66:32":5,"s:67:4:67:Infinity":29,"s:68:4:68:Infinity":30,"s:69:4:69:Infinity":31,"s:72:27:91:Infinity":32,"f:72:27:72:28":6,"s:73:4:73:Infinity":33,"s:74:4:74:Infinity":34,"s:76:4:87:Infinity":35,"b:83:15:83:41:83:41:83:Infinity":5,"s:89:4:89:Infinity":36,"s:90:4:90:Infinity":37,"s:93:2:185:Infinity":38,"b:101:11:101:Infinity:102:12:102:Infinity":6,"b:113:62:113:76:113:76:113:78":7,"f:118:33:118:34":7,"s:119:16:129:Infinity":39,"b:122:37:122:52:122:52:122:Infinity":8,"f:123:27:123:28":8,"s:123:34:123:Infinity":40,"b:126:47:126:51:126:51:126:Infinity":9,"b:143:13:143:Infinity:144:14:146:Infinity":10,"b:155:74:155:88:155:88:155:90":11,"b:158:41:158:65:158:65:158:Infinity":12,"b:161:36:161:52:161:52:161:Infinity":13,"b:171:66:171:77:171:77:171:79":14,"f:173:24:173:30":9,"s:173:30:173:Infinity":41,"f:174:24:174:30":10,"s:174:30:174:Infinity":42,"b:175:33:175:58:175:58:175:Infinity":15,"b:178:45:178:59:178:59:178:Infinity":16,"b:178:17:178:29:178:29:178:45":17}}}
,"C:\\Users\\sarac\\Desktop\\react\\proyecto\\src\\components\\product\\ProductGallery\\ProductGallery.tsx": {"path":"C:\\Users\\sarac\\Desktop\\react\\proyecto\\src\\components\\product\\ProductGallery\\ProductGallery.tsx","statementMap":{"0":{"start":{"line":10,"column":54},"end":{"line":114,"column":null}},"1":{"start":{"line":11,"column":2},"end":{"line":13,"column":null}},"2":{"start":{"line":12,"column":4},"end":{"line":12,"column":null}},"3":{"start":{"line":15,"column":38},"end":{"line":15,"column":null}},"4":{"start":{"line":16,"column":34},"end":{"line":16,"column":null}},"5":{"start":{"line":18,"column":20},"end":{"line":20,"column":null}},"6":{"start":{"line":19,"column":4},"end":{"line":19,"column":null}},"7":{"start":{"line":19,"column":31},"end":{"line":19,"column":73}},"8":{"start":{"line":22,"column":20},"end":{"line":24,"column":null}},"9":{"start":{"line":23,"column":4},"end":{"line":23,"column":null}},"10":{"start":{"line":23,"column":31},"end":{"line":23,"column":73}},"11":{"start":{"line":26,"column":27},"end":{"line":31,"column":null}},"12":{"start":{"line":27,"column":23},"end":{"line":27,"column":null}},"13":{"start":{"line":28,"column":4},"end":{"line":30,"column":null}},"14":{"start":{"line":29,"column":6},"end":{"line":29,"column":null}},"15":{"start":{"line":33,"column":25},"end":{"line":45,"column":null}},"16":{"start":{"line":34,"column":22},"end":{"line":34,"column":null}},"17":{"start":{"line":35,"column":4},"end":{"line":35,"column":null}},"18":{"start":{"line":35,"column":20},"end":{"line":35,"column":null}},"19":{"start":{"line":37,"column":21},"end":{"line":37,"column":null}},"20":{"start":{"line":38,"column":17},"end":{"line":38,"column":null}},"21":{"start":{"line":40,"column":4},"end":{"line":44,"column":null}},"22":{"start":{"line":41,"column":6},"end":{"line":41,"column":null}},"23":{"start":{"line":42,"column":4},"end":{"line":44,"column":null}},"24":{"start":{"line":43,"column":6},"end":{"line":43,"column":null}},"25":{"start":{"line":47,"column":2},"end":{"line":112,"column":null}},"26":{"start":{"line":51,"column":10},"end":{"line":59,"column":null}},"27":{"start":{"line":55,"column":27},"end":{"line":55,"column":null}},"28":{"start":{"line":82,"column":12},"end":{"line":87,"column":null}},"29":{"start":{"line":102,"column":12},"end":{"line":108,"column":null}},"30":{"start":{"line":106,"column":29},"end":{"line":106,"column":null}}},"fnMap":{"0":{"name":"(anonymous_0)","decl":{"start":{"line":10,"column":54},"end":{"line":10,"column":55}},"loc":{"start":{"line":10,"column":70},"end":{"line":114,"column":null}},"line":10},"1":{"name":"(anonymous_1)","decl":{"start":{"line":18,"column":20},"end":{"line":18,"column":32}},"loc":{"start":{"line":18,"column":32},"end":{"line":20,"column":null}},"line":18},"2":{"name":"(anonymous_2)","decl":{"start":{"line":19,"column":20},"end":{"line":19,"column":21}},"loc":{"start":{"line":19,"column":31},"end":{"line":19,"column":73}},"line":19},"3":{"name":"(anonymous_3)","decl":{"start":{"line":22,"column":20},"end":{"line":22,"column":32}},"loc":{"start":{"line":22,"column":32},"end":{"line":24,"column":null}},"line":22},"4":{"name":"(anonymous_4)","decl":{"start":{"line":23,"column":20},"end":{"line":23,"column":21}},"loc":{"start":{"line":23,"column":31},"end":{"line":23,"column":73}},"line":23},"5":{"name":"(anonymous_5)","decl":{"start":{"line":26,"column":27},"end":{"line":26,"column":28}},"loc":{"start":{"line":26,"column":74},"end":{"line":31,"column":null}},"line":26},"6":{"name":"(anonymous_6)","decl":{"start":{"line":33,"column":25},"end":{"line":33,"column":26}},"loc":{"start":{"line":33,"column":72},"end":{"line":45,"column":null}},"line":33},"7":{"name":"(anonymous_7)","decl":{"start":{"line":50,"column":20},"end":{"line":50,"column":21}},"loc":{"start":{"line":51,"column":10},"end":{"line":59,"column":null}},"line":51},"8":{"name":"(anonymous_8)","decl":{"start":{"line":55,"column":21},"end":{"line":55,"column":27}},"loc":{"start":{"line":55,"column":27},"end":{"line":55,"column":null}},"line":55},"9":{"name":"(anonymous_9)","decl":{"start":{"line":81,"column":22},"end":{"line":81,"column":23}},"loc":{"start":{"line":82,"column":12},"end":{"line":87,"column":null}},"line":82},"10":{"name":"(anonymous_10)","decl":{"start":{"line":101,"column":22},"end":{"line":101,"column":23}},"loc":{"start":{"line":102,"column":12},"end":{"line":108,"column":null}},"line":102},"11":{"name":"(anonymous_11)","decl":{"start":{"line":106,"column":23},"end":{"line":106,"column":29}},"loc":{"start":{"line":106,"column":29},"end":{"line":106,"column":null}},"line":106}},"branchMap":{"0":{"loc":{"start":{"line":11,"column":2},"end":{"line":13,"column":null}},"type":"if","locations":[{"start":{"line":11,"column":2},"end":{"line":13,"column":null}},{"start":{},"end":{}}],"line":11},"1":{"loc":{"start":{"line":11,"column":6},"end":{"line":11,"column":38}},"type":"binary-expr","locations":[{"start":{"line":11,"column":6},"end":{"line":11,"column":17}},{"start":{"line":11,"column":17},"end":{"line":11,"column":38}}],"line":11},"2":{"loc":{"start":{"line":19,"column":31},"end":{"line":19,"column":73}},"type":"cond-expr","locations":[{"start":{"line":19,"column":60},"end":{"line":19,"column":64}},{"start":{"line":19,"column":64},"end":{"line":19,"column":73}}],"line":19},"3":{"loc":{"start":{"line":23,"column":31},"end":{"line":23,"column":73}},"type":"cond-expr","locations":[{"start":{"line":23,"column":44},"end":{"line":23,"column":64}},{"start":{"line":23,"column":64},"end":{"line":23,"column":73}}],"line":23},"4":{"loc":{"start":{"line":28,"column":4},"end":{"line":30,"column":null}},"type":"if","locations":[{"start":{"line":28,"column":4},"end":{"line":30,"column":null}},{"start":{},"end":{}}],"line":28},"5":{"loc":{"start":{"line":35,"column":4},"end":{"line":35,"column":null}},"type":"if","locations":[{"start":{"line":35,"column":4},"end":{"line":35,"column":null}},{"start":{},"end":{}}],"line":35},"6":{"loc":{"start":{"line":40,"column":4},"end":{"line":44,"column":null}},"type":"if","locations":[{"start":{"line":40,"column":4},"end":{"line":44,"column":null}},{"start":{"line":42,"column":4},"end":{"line":44,"column":null}}],"line":40},"7":{"loc":{"start":{"line":42,"column":4},"end":{"line":44,"column":null}},"type":"if","locations":[{"start":{"line":42,"column":4},"end":{"line":44,"column":null}},{"start":{},"end":{}}],"line":42},"8":{"loc":{"start":{"line":54,"column":49},"end":{"line":54,"column":87}},"type":"cond-expr","locations":[{"start":{"line":54,"column":74},"end":{"line":54,"column":85}},{"start":{"line":54,"column":85},"end":{"line":54,"column":87}}],"line":54},"9":{"loc":{"start":{"line":105,"column":41},"end":{"line":105,"column":79}},"type":"cond-expr","locations":[{"start":{"line":105,"column":66},"end":{"line":105,"column":77}},{"start":{"line":105,"column":77},"end":{"line":105,"column":79}}],"line":105}},"s":{"0":2,"1":25,"2":2,"3":23,"4":23,"5":23,"6":4,"7":4,"8":23,"9":3,"10":3,"11":23,"12":4,"13":4,"14":3,"15":23,"16":4,"17":4,"18":1,"19":3,"20":3,"21":3,"22":1,"23":2,"24":1,"25":23,"26":75,"27":1,"28":75,"29":75,"30":1},"f":{"0":25,"1":4,"2":4,"3":3,"4":3,"5":4,"6":4,"7":75,"8":1,"9":75,"10":75,"11":1},"b":{"0":[2,23],"1":[25,24],"2":[1,3],"3":[1,2],"4":[3,1],"5":[1,3],"6":[1,2],"7":[1,1],"8":[23,52],"9":[23,52]},"meta":{"lastBranch":10,"lastFunction":12,"lastStatement":31,"seen":{"s:10:54:114:Infinity":0,"f:10:54:10:55":0,"b:11:2:13:Infinity:undefined:undefined:undefined:undefined":0,"s:11:2:13:Infinity":1,"b:11:6:11:17:11:17:11:38":1,"s:12:4:12:Infinity":2,"s:15:38:15:Infinity":3,"s:16:34:16:Infinity":4,"s:18:20:20:Infinity":5,"f:18:20:18:32":1,"s:19:4:19:Infinity":6,"f:19:20:19:21":2,"s:19:31:19:73":7,"b:19:60:19:64:19:64:19:73":2,"s:22:20:24:Infinity":8,"f:22:20:22:32":3,"s:23:4:23:Infinity":9,"f:23:20:23:21":4,"s:23:31:23:73":10,"b:23:44:23:64:23:64:23:73":3,"s:26:27:31:Infinity":11,"f:26:27:26:28":5,"s:27:23:27:Infinity":12,"b:28:4:30:Infinity:undefined:undefined:undefined:undefined":4,"s:28:4:30:Infinity":13,"s:29:6:29:Infinity":14,"s:33:25:45:Infinity":15,"f:33:25:33:26":6,"s:34:22:34:Infinity":16,"b:35:4:35:Infinity:undefined:undefined:undefined:undefined":5,"s:35:4:35:Infinity":17,"s:35:20:35:Infinity":18,"s:37:21:37:Infinity":19,"s:38:17:38:Infinity":20,"b:40:4:44:Infinity:42:4:44:Infinity":6,"s:40:4:44:Infinity":21,"s:41:6:41:Infinity":22,"b:42:4:44:Infinity:undefined:undefined:undefined:undefined":7,"s:42:4:44:Infinity":23,"s:43:6:43:Infinity":24,"s:47:2:112:Infinity":25,"f:50:20:50:21":7,"s:51:10:59:Infinity":26,"b:54:74:54:85:54:85:54:87":8,"f:55:21:55:27":8,"s:55:27:55:Infinity":27,"f:81:22:81:23":9,"s:82:12:87:Infinity":28,"f:101:22:101:23":10,"s:102:12:108:Infinity":29,"b:105:66:105:77:105:77:105:79":9,"f:106:23:106:29":11,"s:106:29:106:Infinity":30}}}
,"C:\\Users\\sarac\\Desktop\\react\\proyecto\\src\\components\\product\\ProductInfo\\ProductInfo.tsx": {"path":"C:\\Users\\sarac\\Desktop\\react\\proyecto\\src\\components\\product\\ProductInfo\\ProductInfo.tsx","statementMap":{"0":{"start":{"line":15,"column":48},"end":{"line":97,"column":null}},"1":{"start":{"line":21,"column":38},"end":{"line":21,"column":null}},"2":{"start":{"line":22,"column":30},"end":{"line":22,"column":null}},"3":{"start":{"line":23,"column":32},"end":{"line":23,"column":null}},"4":{"start":{"line":26,"column":8},"end":{"line":26,"column":null}},"5":{"start":{"line":28,"column":26},"end":{"line":35,"column":null}},"6":{"start":{"line":29,"column":4},"end":{"line":32,"column":null}},"7":{"start":{"line":30,"column":6},"end":{"line":30,"column":null}},"8":{"start":{"line":31,"column":6},"end":{"line":31,"column":null}},"9":{"start":{"line":33,"column":4},"end":{"line":33,"column":null}},"10":{"start":{"line":34,"column":4},"end":{"line":34,"column":null}},"11":{"start":{"line":37,"column":31},"end":{"line":44,"column":null}},"12":{"start":{"line":38,"column":4},"end":{"line":38,"column":null}},"13":{"start":{"line":39,"column":4},"end":{"line":39,"column":null}},"14":{"start":{"line":40,"column":4},"end":{"line":40,"column":null}},"15":{"start":{"line":41,"column":4},"end":{"line":43,"column":null}},"16":{"start":{"line":42,"column":6},"end":{"line":42,"column":null}},"17":{"start":{"line":46,"column":21},"end":{"line":48,"column":null}},"18":{"start":{"line":50,"column":2},"end":{"line":95,"column":null}},"19":{"start":{"line":69,"column":12},"end":{"line":76,"column":null}},"20":{"start":{"line":73,"column":31},"end":{"line":73,"column":54}},"21":{"start":{"line":73,"column":54},"end":{"line":73,"column":75}},"22":{"start":{"line":85,"column":79},"end":{"line":85,"column":122}},"23":{"start":{"line":87,"column":79},"end":{"line":87,"column":106}}},"fnMap":{"0":{"name":"(anonymous_0)","decl":{"start":{"line":15,"column":48},"end":{"line":15,"column":49}},"loc":{"start":{"line":20,"column":6},"end":{"line":97,"column":null}},"line":20},"1":{"name":"(anonymous_1)","decl":{"start":{"line":28,"column":26},"end":{"line":28,"column":32}},"loc":{"start":{"line":28,"column":32},"end":{"line":35,"column":null}},"line":28},"2":{"name":"(anonymous_2)","decl":{"start":{"line":37,"column":31},"end":{"line":37,"column":32}},"loc":{"start":{"line":37,"column":56},"end":{"line":44,"column":null}},"line":37},"3":{"name":"(anonymous_3)","decl":{"start":{"line":68,"column":29},"end":{"line":68,"column":30}},"loc":{"start":{"line":69,"column":12},"end":{"line":76,"column":null}},"line":69},"4":{"name":"(anonymous_4)","decl":{"start":{"line":73,"column":23},"end":{"line":73,"column":29}},"loc":{"start":{"line":73,"column":29},"end":{"line":73,"column":null}},"line":73},"5":{"name":"(anonymous_5)","decl":{"start":{"line":85,"column":73},"end":{"line":85,"column":79}},"loc":{"start":{"line":85,"column":79},"end":{"line":85,"column":122}},"line":85},"6":{"name":"(anonymous_6)","decl":{"start":{"line":87,"column":73},"end":{"line":87,"column":79}},"loc":{"start":{"line":87,"column":79},"end":{"line":87,"column":106}},"line":87}},"branchMap":{"0":{"loc":{"start":{"line":29,"column":4},"end":{"line":32,"column":null}},"type":"if","locations":[{"start":{"line":29,"column":4},"end":{"line":32,"column":null}},{"start":{},"end":{}}],"line":29},"1":{"loc":{"start":{"line":41,"column":4},"end":{"line":43,"column":null}},"type":"if","locations":[{"start":{"line":41,"column":4},"end":{"line":43,"column":null}},{"start":{},"end":{}}],"line":41},"2":{"loc":{"start":{"line":46,"column":21},"end":{"line":48,"column":null}},"type":"cond-expr","locations":[{"start":{"line":47,"column":6},"end":{"line":47,"column":null}},{"start":{"line":48,"column":6},"end":{"line":48,"column":null}}],"line":46},"3":{"loc":{"start":{"line":57,"column":11},"end":{"line":58,"column":null}},"type":"binary-expr","locations":[{"start":{"line":57,"column":11},"end":{"line":57,"column":null}},{"start":{"line":58,"column":12},"end":{"line":58,"column":null}}],"line":57},"4":{"loc":{"start":{"line":72,"column":43},"end":{"line":72,"column":83}},"type":"cond-expr","locations":[{"start":{"line":72,"column":67},"end":{"line":72,"column":81}},{"start":{"line":72,"column":81},"end":{"line":72,"column":83}}],"line":72},"5":{"loc":{"start":{"line":79,"column":9},"end":{"line":79,"column":null}},"type":"binary-expr","locations":[{"start":{"line":79,"column":9},"end":{"line":79,"column":22}},{"start":{"line":79,"column":22},"end":{"line":79,"column":null}}],"line":79},"6":{"loc":{"start":{"line":85,"column":79},"end":{"line":85,"column":122}},"type":"binary-expr","locations":[{"start":{"line":85,"column":79},"end":{"line":85,"column":95}},{"start":{"line":85,"column":95},"end":{"line":85,"column":122}}],"line":85},"7":{"loc":{"start":{"line":89,"column":61},"end":{"line":89,"column":87}},"type":"cond-expr","locations":[{"start":{"line":89,"column":74},"end":{"line":89,"column":85}},{"start":{"line":89,"column":85},"end":{"line":89,"column":87}}],"line":89},"8":{"loc":{"start":{"line":90,"column":22},"end":{"line":90,"column":56}},"type":"cond-expr","locations":[{"start":{"line":90,"column":35},"end":{"line":90,"column":49}},{"start":{"line":90,"column":49},"end":{"line":90,"column":56}}],"line":90}},"s":{"0":2,"1":14,"2":14,"3":14,"4":14,"5":14,"6":3,"7":2,"8":2,"9":1,"10":1,"11":14,"12":4,"13":4,"14":4,"15":4,"16":2,"17":14,"18":14,"19":49,"20":1,"21":1,"22":2,"23":1},"f":{"0":14,"1":3,"2":4,"3":49,"4":1,"5":2,"6":1},"b":{"0":[2,1],"1":[2,2],"2":[6,8],"3":[14,6],"4":[2,47],"5":[14,2],"6":[2,1],"7":[2,12],"8":[2,12]},"meta":{"lastBranch":9,"lastFunction":7,"lastStatement":24,"seen":{"s:15:48:97:Infinity":0,"f:15:48:15:49":0,"s:21:38:21:Infinity":1,"s:22:30:22:Infinity":2,"s:23:32:23:Infinity":3,"s:26:8:26:Infinity":4,"s:28:26:35:Infinity":5,"f:28:26:28:32":1,"b:29:4:32:Infinity:undefined:undefined:undefined:undefined":0,"s:29:4:32:Infinity":6,"s:30:6:30:Infinity":7,"s:31:6:31:Infinity":8,"s:33:4:33:Infinity":9,"s:34:4:34:Infinity":10,"s:37:31:44:Infinity":11,"f:37:31:37:32":2,"s:38:4:38:Infinity":12,"s:39:4:39:Infinity":13,"s:40:4:40:Infinity":14,"b:41:4:43:Infinity:undefined:undefined:undefined:undefined":1,"s:41:4:43:Infinity":15,"s:42:6:42:Infinity":16,"s:46:21:48:Infinity":17,"b:47:6:47:Infinity:48:6:48:Infinity":2,"s:50:2:95:Infinity":18,"b:57:11:57:Infinity:58:12:58:Infinity":3,"f:68:29:68:30":3,"s:69:12:76:Infinity":19,"b:72:67:72:81:72:81:72:83":4,"f:73:23:73:29":4,"s:73:31:73:54":20,"s:73:54:73:75":21,"b:79:9:79:22:79:22:79:Infinity":5,"f:85:73:85:79":5,"s:85:79:85:122":22,"b:85:79:85:95:85:95:85:122":6,"f:87:73:87:79":6,"s:87:79:87:106":23,"b:89:74:89:85:89:85:89:87":7,"b:90:35:90:49:90:49:90:56":8}}}
,"C:\\Users\\sarac\\Desktop\\react\\proyecto\\src\\components\\wishlist\\WishlistItem.tsx": {"path":"C:\\Users\\sarac\\Desktop\\react\\proyecto\\src\\components\\wishlist\\WishlistItem.tsx","statementMap":{"0":{"start":{"line":12,"column":50},"end":{"line":59,"column":null}},"1":{"start":{"line":13,"column":23},"end":{"line":15,"column":null}},"2":{"start":{"line":14,"column":4},"end":{"line":14,"column":null}},"3":{"start":{"line":17,"column":2},"end":{"line":57,"column":null}}},"fnMap":{"0":{"name":"(anonymous_0)","decl":{"start":{"line":12,"column":50},"end":{"line":12,"column":51}},"loc":{"start":{"line":12,"column":77},"end":{"line":59,"column":null}},"line":12},"1":{"name":"(anonymous_1)","decl":{"start":{"line":13,"column":23},"end":{"line":13,"column":35}},"loc":{"start":{"line":13,"column":35},"end":{"line":15,"column":null}},"line":13}},"branchMap":{},"s":{"0":2,"1":7,"2":2,"3":7},"f":{"0":7,"1":2},"b":{},"meta":{"lastBranch":0,"lastFunction":2,"lastStatement":4,"seen":{"s:12:50:59:Infinity":0,"f:12:50:12:51":0,"s:13:23:15:Infinity":1,"f:13:23:13:35":1,"s:14:4:14:Infinity":2,"s:17:2:57:Infinity":3}}}
,"C:\\Users\\sarac\\Desktop\\react\\proyecto\\src\\context\\CartContext.tsx": {"path":"C:\\Users\\sarac\\Desktop\\react\\proyecto\\src\\context\\CartContext.tsx","statementMap":{"0":{"start":{"line":24,"column":6},"end":{"line":24,"column":null}},"1":{"start":{"line":26,"column":28},"end":{"line":86,"column":null}},"2":{"start":{"line":27,"column":22},"end":{"line":36,"column":null}},"3":{"start":{"line":28,"column":22},"end":{"line":28,"column":null}},"4":{"start":{"line":29,"column":4},"end":{"line":29,"column":null}},"5":{"start":{"line":29,"column":20},"end":{"line":29,"column":null}},"6":{"start":{"line":30,"column":4},"end":{"line":35,"column":null}},"7":{"start":{"line":31,"column":6},"end":{"line":31,"column":null}},"8":{"start":{"line":33,"column":6},"end":{"line":33,"column":null}},"9":{"start":{"line":34,"column":6},"end":{"line":34,"column":null}},"10":{"start":{"line":38,"column":2},"end":{"line":40,"column":null}},"11":{"start":{"line":39,"column":4},"end":{"line":39,"column":null}},"12":{"start":{"line":42,"column":8},"end":{"line":70,"column":null}},"13":{"start":{"line":43,"column":4},"end":{"line":43,"column":null}},"14":{"start":{"line":43,"column":44},"end":{"line":43,"column":null}},"15":{"start":{"line":45,"column":4},"end":{"line":69,"column":null}},"16":{"start":{"line":46,"column":27},"end":{"line":46,"column":null}},"17":{"start":{"line":46,"column":51},"end":{"line":46,"column":95}},"18":{"start":{"line":47,"column":26},"end":{"line":47,"column":null}},"19":{"start":{"line":48,"column":25},"end":{"line":48,"column":null}},"20":{"start":{"line":50,"column":6},"end":{"line":56,"column":null}},"21":{"start":{"line":51,"column":8},"end":{"line":55,"column":null}},"22":{"start":{"line":52,"column":10},"end":{"line":54,"column":null}},"23":{"start":{"line":58,"column":32},"end":{"line":67,"column":null}},"24":{"start":{"line":68,"column":6},"end":{"line":68,"column":null}},"25":{"start":{"line":72,"column":8},"end":{"line":74,"column":null}},"26":{"start":{"line":73,"column":4},"end":{"line":73,"column":null}},"27":{"start":{"line":73,"column":22},"end":{"line":73,"column":91}},"28":{"start":{"line":73,"column":44},"end":{"line":73,"column":90}},"29":{"start":{"line":76,"column":8},"end":{"line":76,"column":null}},"30":{"start":{"line":76,"column":38},"end":{"line":76,"column":51}},"31":{"start":{"line":78,"column":8},"end":{"line":80,"column":null}},"32":{"start":{"line":79,"column":4},"end":{"line":79,"column":null}},"33":{"start":{"line":79,"column":40},"end":{"line":79,"column":81}},"34":{"start":{"line":82,"column":8},"end":{"line":83,"column":null}},"35":{"start":{"line":82,"column":31},"end":{"line":82,"column":null}},"36":{"start":{"line":85,"column":2},"end":{"line":85,"column":null}},"37":{"start":{"line":88,"column":23},"end":{"line":92,"column":null}},"38":{"start":{"line":89,"column":8},"end":{"line":89,"column":null}},"39":{"start":{"line":90,"column":2},"end":{"line":90,"column":null}},"40":{"start":{"line":90,"column":16},"end":{"line":90,"column":null}},"41":{"start":{"line":91,"column":2},"end":{"line":91,"column":null}}},"fnMap":{"0":{"name":"(anonymous_0)","decl":{"start":{"line":26,"column":28},"end":{"line":26,"column":29}},"loc":{"start":{"line":26,"column":77},"end":{"line":86,"column":null}},"line":26},"1":{"name":"(anonymous_1)","decl":{"start":{"line":27,"column":47},"end":{"line":27,"column":53}},"loc":{"start":{"line":27,"column":53},"end":{"line":36,"column":3}},"line":27},"2":{"name":"(anonymous_2)","decl":{"start":{"line":38,"column":12},"end":{"line":38,"column":18}},"loc":{"start":{"line":38,"column":18},"end":{"line":40,"column":5}},"line":38},"3":{"name":"(anonymous_3)","decl":{"start":{"line":42,"column":32},"end":{"line":42,"column":33}},"loc":{"start":{"line":42,"column":102},"end":{"line":70,"column":5}},"line":42},"4":{"name":"(anonymous_4)","decl":{"start":{"line":45,"column":12},"end":{"line":45,"column":13}},"loc":{"start":{"line":45,"column":26},"end":{"line":69,"column":5}},"line":45},"5":{"name":"(anonymous_5)","decl":{"start":{"line":46,"column":41},"end":{"line":46,"column":42}},"loc":{"start":{"line":46,"column":51},"end":{"line":46,"column":95}},"line":46},"6":{"name":"(anonymous_6)","decl":{"start":{"line":51,"column":28},"end":{"line":51,"column":29}},"loc":{"start":{"line":52,"column":10},"end":{"line":54,"column":null}},"line":52},"7":{"name":"(anonymous_7)","decl":{"start":{"line":72,"column":37},"end":{"line":72,"column":38}},"loc":{"start":{"line":72,"column":83},"end":{"line":74,"column":5}},"line":72},"8":{"name":"(anonymous_8)","decl":{"start":{"line":73,"column":12},"end":{"line":73,"column":13}},"loc":{"start":{"line":73,"column":22},"end":{"line":73,"column":91}},"line":73},"9":{"name":"(anonymous_9)","decl":{"start":{"line":73,"column":34},"end":{"line":73,"column":35}},"loc":{"start":{"line":73,"column":44},"end":{"line":73,"column":90}},"line":73},"10":{"name":"(anonymous_10)","decl":{"start":{"line":76,"column":32},"end":{"line":76,"column":38}},"loc":{"start":{"line":76,"column":38},"end":{"line":76,"column":51}},"line":76},"11":{"name":"(anonymous_11)","decl":{"start":{"line":78,"column":36},"end":{"line":78,"column":42}},"loc":{"start":{"line":78,"column":42},"end":{"line":80,"column":5}},"line":78},"12":{"name":"(anonymous_12)","decl":{"start":{"line":79,"column":23},"end":{"line":79,"column":24}},"loc":{"start":{"line":79,"column":40},"end":{"line":79,"column":81}},"line":79},"13":{"name":"(anonymous_13)","decl":{"start":{"line":82,"column":24},"end":{"line":82,"column":31}},"loc":{"start":{"line":82,"column":31},"end":{"line":82,"column":null}},"line":82},"14":{"name":"(anonymous_14)","decl":{"start":{"line":88,"column":23},"end":{"line":88,"column":29}},"loc":{"start":{"line":88,"column":29},"end":{"line":92,"column":null}},"line":88}},"branchMap":{"0":{"loc":{"start":{"line":29,"column":4},"end":{"line":29,"column":null}},"type":"if","locations":[{"start":{"line":29,"column":4},"end":{"line":29,"column":null}},{"start":{},"end":{}}],"line":29},"1":{"loc":{"start":{"line":43,"column":4},"end":{"line":43,"column":null}},"type":"if","locations":[{"start":{"line":43,"column":4},"end":{"line":43,"column":null}},{"start":{},"end":{}}],"line":43},"2":{"loc":{"start":{"line":43,"column":8},"end":{"line":43,"column":44}},"type":"binary-expr","locations":[{"start":{"line":43,"column":8},"end":{"line":43,"column":20}},{"start":{"line":43,"column":20},"end":{"line":43,"column":29}},{"start":{"line":43,"column":29},"end":{"line":43,"column":44}}],"line":43},"3":{"loc":{"start":{"line":46,"column":51},"end":{"line":46,"column":95}},"type":"binary-expr","locations":[{"start":{"line":46,"column":51},"end":{"line":46,"column":77}},{"start":{"line":46,"column":77},"end":{"line":46,"column":95}}],"line":46},"4":{"loc":{"start":{"line":48,"column":25},"end":{"line":48,"column":null}},"type":"cond-expr","locations":[{"start":{"line":48,"column":48},"end":{"line":48,"column":95}},{"start":{"line":48,"column":95},"end":{"line":48,"column":null}}],"line":48},"5":{"loc":{"start":{"line":50,"column":6},"end":{"line":56,"column":null}},"type":"if","locations":[{"start":{"line":50,"column":6},"end":{"line":56,"column":null}},{"start":{},"end":{}}],"line":50},"6":{"loc":{"start":{"line":52,"column":10},"end":{"line":54,"column":null}},"type":"cond-expr","locations":[{"start":{"line":53,"column":14},"end":{"line":53,"column":null}},{"start":{"line":54,"column":14},"end":{"line":54,"column":null}}],"line":52},"7":{"loc":{"start":{"line":52,"column":10},"end":{"line":52,"column":null}},"type":"binary-expr","locations":[{"start":{"line":52,"column":10},"end":{"line":52,"column":36}},{"start":{"line":52,"column":36},"end":{"line":52,"column":null}}],"line":52},"8":{"loc":{"start":{"line":60,"column":21},"end":{"line":60,"column":null}},"type":"binary-expr","locations":[{"start":{"line":60,"column":21},"end":{"line":60,"column":44}},{"start":{"line":60,"column":44},"end":{"line":60,"column":null}}],"line":60},"9":{"loc":{"start":{"line":61,"column":15},"end":{"line":61,"column":null}},"type":"binary-expr","locations":[{"start":{"line":61,"column":15},"end":{"line":61,"column":32}},{"start":{"line":61,"column":32},"end":{"line":61,"column":null}}],"line":61},"10":{"loc":{"start":{"line":62,"column":15},"end":{"line":62,"column":null}},"type":"binary-expr","locations":[{"start":{"line":62,"column":15},"end":{"line":62,"column":32}},{"start":{"line":62,"column":32},"end":{"line":62,"column":null}}],"line":62},"11":{"loc":{"start":{"line":73,"column":46},"end":{"line":73,"column":90}},"type":"binary-expr","locations":[{"start":{"line":73,"column":46},"end":{"line":73,"column":71}},{"start":{"line":73,"column":71},"end":{"line":73,"column":90}}],"line":73},"12":{"loc":{"start":{"line":90,"column":2},"end":{"line":90,"column":null}},"type":"if","locations":[{"start":{"line":90,"column":2},"end":{"line":90,"column":null}},{"start":{},"end":{}}],"line":90}},"s":{"0":22,"1":22,"2":104,"3":94,"4":94,"5":34,"6":60,"7":60,"8":1,"9":1,"10":104,"11":101,"12":104,"13":13,"14":4,"15":9,"16":9,"17":5,"18":9,"19":9,"20":9,"21":1,"22":2,"23":8,"24":9,"25":104,"26":1,"27":1,"28":1,"29":104,"30":1,"31":104,"32":1,"33":1,"34":104,"35":101,"36":104,"37":22,"38":39,"39":39,"40":2,"41":37},"f":{"0":104,"1":94,"2":101,"3":13,"4":9,"5":5,"6":2,"7":1,"8":1,"9":1,"10":1,"11":1,"12":1,"13":101,"14":39},"b":{"0":[34,60],"1":[4,9],"2":[13,12,11],"3":[5,2],"4":[8,1],"5":[1,8],"6":[1,1],"7":[2,1],"8":[8,8],"9":[9,8],"10":[9,8],"11":[1,1],"12":[2,37]},"meta":{"lastBranch":13,"lastFunction":15,"lastStatement":42,"seen":{"s:24:6:24:Infinity":0,"s:26:28:86:Infinity":1,"f:26:28:26:29":0,"s:27:22:36:Infinity":2,"f:27:47:27:53":1,"s:28:22:28:Infinity":3,"b:29:4:29:Infinity:undefined:undefined:undefined:undefined":0,"s:29:4:29:Infinity":4,"s:29:20:29:Infinity":5,"s:30:4:35:Infinity":6,"s:31:6:31:Infinity":7,"s:33:6:33:Infinity":8,"s:34:6:34:Infinity":9,"s:38:2:40:Infinity":10,"f:38:12:38:18":2,"s:39:4:39:Infinity":11,"s:42:8:70:Infinity":12,"f:42:32:42:33":3,"b:43:4:43:Infinity:undefined:undefined:undefined:undefined":1,"s:43:4:43:Infinity":13,"b:43:8:43:20:43:20:43:29:43:29:43:44":2,"s:43:44:43:Infinity":14,"s:45:4:69:Infinity":15,"f:45:12:45:13":4,"s:46:27:46:Infinity":16,"f:46:41:46:42":5,"s:46:51:46:95":17,"b:46:51:46:77:46:77:46:95":3,"s:47:26:47:Infinity":18,"s:48:25:48:Infinity":19,"b:48:48:48:95:48:95:48:Infinity":4,"b:50:6:56:Infinity:undefined:undefined:undefined:undefined":5,"s:50:6:56:Infinity":20,"s:51:8:55:Infinity":21,"f:51:28:51:29":6,"s:52:10:54:Infinity":22,"b:53:14:53:Infinity:54:14:54:Infinity":6,"b:52:10:52:36:52:36:52:Infinity":7,"s:58:32:67:Infinity":23,"b:60:21:60:44:60:44:60:Infinity":8,"b:61:15:61:32:61:32:61:Infinity":9,"b:62:15:62:32:62:32:62:Infinity":10,"s:68:6:68:Infinity":24,"s:72:8:74:Infinity":25,"f:72:37:72:38":7,"s:73:4:73:Infinity":26,"f:73:12:73:13":8,"s:73:22:73:91":27,"f:73:34:73:35":9,"s:73:44:73:90":28,"b:73:46:73:71:73:71:73:90":11,"s:76:8:76:Infinity":29,"f:76:32:76:38":10,"s:76:38:76:51":30,"s:78:8:80:Infinity":31,"f:78:36:78:42":11,"s:79:4:79:Infinity":32,"f:79:23:79:24":12,"s:79:40:79:81":33,"s:82:8:83:Infinity":34,"f:82:24:82:31":13,"s:82:31:82:Infinity":35,"s:85:2:85:Infinity":36,"s:88:23:92:Infinity":37,"f:88:23:88:29":14,"s:89:8:89:Infinity":38,"b:90:2:90:Infinity:undefined:undefined:undefined:undefined":12,"s:90:2:90:Infinity":39,"s:90:16:90:Infinity":40,"s:91:2:91:Infinity":41}}}
,"C:\\Users\\sarac\\Desktop\\react\\proyecto\\src\\context\\NotificationContext.tsx": {"path":"C:\\Users\\sarac\\Desktop\\react\\proyecto\\src\\context\\NotificationContext.tsx","statementMap":{"0":{"start":{"line":9,"column":13},"end":{"line":9,"column":null}},"1":{"start":{"line":15,"column":36},"end":{"line":62,"column":null}},"2":{"start":{"line":16,"column":38},"end":{"line":16,"column":null}},"3":{"start":{"line":17,"column":8},"end":{"line":17,"column":null}},"4":{"start":{"line":19,"column":8},"end":{"line":25,"column":null}},"5":{"start":{"line":20,"column":4},"end":{"line":23,"column":null}},"6":{"start":{"line":21,"column":6},"end":{"line":21,"column":null}},"7":{"start":{"line":22,"column":6},"end":{"line":22,"column":null}},"8":{"start":{"line":24,"column":4},"end":{"line":24,"column":null}},"9":{"start":{"line":27,"column":8},"end":{"line":37,"column":null}},"10":{"start":{"line":28,"column":4},"end":{"line":30,"column":null}},"11":{"start":{"line":29,"column":6},"end":{"line":29,"column":null}},"12":{"start":{"line":32,"column":4},"end":{"line":32,"column":null}},"13":{"start":{"line":34,"column":4},"end":{"line":36,"column":null}},"14":{"start":{"line":35,"column":6},"end":{"line":35,"column":null}},"15":{"start":{"line":39,"column":2},"end":{"line":46,"column":null}},"16":{"start":{"line":40,"column":4},"end":{"line":45,"column":null}},"17":{"start":{"line":41,"column":6},"end":{"line":44,"column":null}},"18":{"start":{"line":42,"column":8},"end":{"line":42,"column":null}},"19":{"start":{"line":43,"column":8},"end":{"line":43,"column":null}},"20":{"start":{"line":48,"column":8},"end":{"line":48,"column":null}},"21":{"start":{"line":48,"column":31},"end":{"line":48,"column":54}},"22":{"start":{"line":50,"column":2},"end":{"line":60,"column":null}},"23":{"start":{"line":64,"column":31},"end":{"line":70,"column":null}},"24":{"start":{"line":65,"column":8},"end":{"line":65,"column":null}},"25":{"start":{"line":66,"column":2},"end":{"line":68,"column":null}},"26":{"start":{"line":67,"column":4},"end":{"line":67,"column":null}},"27":{"start":{"line":69,"column":2},"end":{"line":69,"column":null}}},"fnMap":{"0":{"name":"(anonymous_0)","decl":{"start":{"line":15,"column":36},"end":{"line":15,"column":37}},"loc":{"start":{"line":15,"column":81},"end":{"line":62,"column":null}},"line":15},"1":{"name":"(anonymous_1)","decl":{"start":{"line":19,"column":39},"end":{"line":19,"column":45}},"loc":{"start":{"line":19,"column":45},"end":{"line":25,"column":5}},"line":19},"2":{"name":"(anonymous_2)","decl":{"start":{"line":27,"column":39},"end":{"line":27,"column":40}},"loc":{"start":{"line":27,"column":96},"end":{"line":37,"column":5}},"line":27},"3":{"name":"(anonymous_3)","decl":{"start":{"line":34,"column":34},"end":{"line":34,"column":40}},"loc":{"start":{"line":34,"column":40},"end":{"line":36,"column":7}},"line":34},"4":{"name":"(anonymous_4)","decl":{"start":{"line":39,"column":12},"end":{"line":39,"column":18}},"loc":{"start":{"line":39,"column":18},"end":{"line":46,"column":5}},"line":39},"5":{"name":"(anonymous_5)","decl":{"start":{"line":40,"column":11},"end":{"line":40,"column":17}},"loc":{"start":{"line":40,"column":17},"end":{"line":45,"column":null}},"line":40},"6":{"name":"(anonymous_6)","decl":{"start":{"line":48,"column":24},"end":{"line":48,"column":31}},"loc":{"start":{"line":48,"column":31},"end":{"line":48,"column":54}},"line":48},"7":{"name":"(anonymous_7)","decl":{"start":{"line":64,"column":31},"end":{"line":64,"column":37}},"loc":{"start":{"line":64,"column":37},"end":{"line":70,"column":null}},"line":64}},"branchMap":{"0":{"loc":{"start":{"line":20,"column":4},"end":{"line":23,"column":null}},"type":"if","locations":[{"start":{"line":20,"column":4},
[...]
line":8,"column":null}},"3":{"start":{"line":10,"column":2},"end":{"line":14,"column":null}},"4":{"start":{"line":11,"column":4},"end":{"line":13,"column":null}},"5":{"start":{"line":12,"column":6},"end":{"line":12,"column":null}},"6":{"start":{"line":16,"column":8},"end":{"line":19,"column":null}},"7":{"start":{"line":17,"column":4},"end":{"line":17,"column":null}},"8":{"start":{"line":18,"column":4},"end":{"line":18,"column":null}},"9":{"start":{"line":21,"column":2},"end":{"line":21,"column":null}},"10":{"start":{"line":21,"column":13},"end":{"line":21,"column":null}},"11":{"start":{"line":23,"column":2},"end":{"line":55,"column":null}}},"fnMap":{"0":{"name":"(anonymous_0)","decl":{"start":{"line":6,"column":26},"end":{"line":6,"column":32}},"loc":{"start":{"line":6,"column":32},"end":{"line":57,"column":null}},"line":6},"1":{"name":"(anonymous_1)","decl":{"start":{"line":10,"column":12},"end":{"line":10,"column":18}},"loc":{"start":{"line":10,"column":18},"end":{"line":14,"column":5}},"line":10},"2":{"name":"(anonymous_2)","decl":{"start":{"line":16,"column":35},"end":{"line":16,"column":47}},"loc":{"start":{"line":16,"column":47},"end":{"line":19,"column":5}},"line":16}},"branchMap":{"0":{"loc":{"start":{"line":11,"column":4},"end":{"line":13,"column":null}},"type":"if","locations":[{"start":{"line":11,"column":4},"end":{"line":13,"column":null}},{"start":{},"end":{}}],"line":11},"1":{"loc":{"start":{"line":21,"column":2},"end":{"line":21,"column":null}},"type":"if","locations":[{"start":{"line":21,"column":2},"end":{"line":21,"column":null}},{"start":{},"end":{}}],"line":21},"2":{"loc":{"start":{"line":29,"column":15},"end":{"line":29,"column":null}},"type":"binary-expr","locations":[{"start":{"line":29,"column":15},"end":{"line":29,"column":53}},{"start":{"line":29,"column":53},"end":{"line":29,"column":null}}],"line":29}},"s":{"0":1,"1":4,"2":4,"3":4,"4":4,"5":1,"6":4,"7":1,"8":1,"9":4,"10":1,"11":3},"f":{"0":4,"1":4,"2":1},"b":{"0":[1,3],"1":[1,3],"2":[3,1]},"meta":{"lastBranch":3,"lastFunction":3,"lastStatement":12,"seen":{"s:6:26:57:Infinity":0,"f:6:26:6:32":0,"s:7:23:7:Infinity":1,"s:8:8:8:Infinity":2,"s:10:2:14:Infinity":3,"f:10:12:10:18":1,"b:11:4:13:Infinity:undefined:undefined:undefined:undefined":0,"s:11:4:13:Infinity":4,"s:12:6:12:Infinity":5,"s:16:8:19:Infinity":6,"f:16:35:16:47":2,"s:17:4:17:Infinity":7,"s:18:4:18:Infinity":8,"b:21:2:21:Infinity:undefined:undefined:undefined:undefined":1,"s:21:2:21:Infinity":9,"s:21:13:21:Infinity":10,"s:23:2:55:Infinity":11,"b:29:15:29:53:29:53:29:Infinity":2}}}
,"C:\\Users\\sarac\\Desktop\\react\\proyecto\\src\\pages\\Register\\Register.tsx": {"path":"C:\\Users\\sarac\\Desktop\\react\\proyecto\\src\\pages\\Register\\Register.tsx","statementMap":{"0":{"start":{"line":11,"column":27},"end":{"line":74,"column":null}},"1":{"start":{"line":12,"column":22},"end":{"line":12,"column":null}},"2":{"start":{"line":13,"column":24},"end":{"line":13,"column":null}},"3":{"start":{"line":14,"column":26},"end":{"line":14,"column":null}},"4":{"start":{"line":16,"column":16},"end":{"line":16,"column":null}},"5":{"start":{"line":17,"column":8},"end":{"line":17,"column":null}},"6":{"start":{"line":19,"column":23},"end":{"line":33,"column":null}},"7":{"start":{"line":20,"column":38},"end":{"line":20,"column":null}},"8":{"start":{"line":21,"column":23},"end":{"line":21,"column":null}},"9":{"start":{"line":23,"column":4},"end":{"line":23,"column":null}},"10":{"start":{"line":23,"column":22},"end":{"line":23,"column":null}},"11":{"start":{"line":25,"column":4},"end":{"line":29,"column":null}},"12":{"start":{"line":26,"column":6},"end":{"line":26,"column":null}},"13":{"start":{"line":27,"column":4},"end":{"line":29,"column":null}},"14":{"start":{"line":28,"column":6},"end":{"line":28,"column":null}},"15":{"start":{"line":31,"column":4},"end":{"line":31,"column":null}},"16":{"start":{"line":32,"column":4},"end":{"line":32,"column":null}},"17":{"start":{"line":35,"column":23},"end":{"line":41,"column":null}},"18":{"start":{"line":36,"column":4},"end":{"line":36,"column":null}},"19":{"start":{"line":37,"column":4},"end":{"line":40,"column":null}},"20":{"start":{"line":38,"column":6},"end":{"line":38,"column":null}},"21":{"start":{"line":39,"column":6},"end":{"line":39,"column":null}},"22":{"start":{"line":43,"column":28},"end":{"line":46,"column":null}},"23":{"start":{"line":44,"column":4},"end":{"line":44,"column":null}},"24":{"start":{"line":45,"column":4},"end":{"line":45,"column":null}},"25":{"start":{"line":45,"column":23},"end":{"line":45,"column":null}},"26":{"start":{"line":45,"column":42},"end":{"line":45,"column":74}},"27":{"start":{"line":48,"column":2},"end":{"line":72,"column":null}},"28":{"start":{"line":59,"column":179},"end":{"line":59,"column":231}},"29":{"start":{"line":65,"column":185},"end":{"line":65,"column":239}}},"fnMap":{"0":{"name":"(anonymous_0)","decl":{"start":{"line":11,"column":27},"end":{"line":11,"column":33}},"loc":{"start":{"line":11,"column":33},"end":{"line":74,"column":null}},"line":11},"1":{"name":"(anonymous_1)","decl":{"start":{"line":19,"column":23},"end":{"line":19,"column":38}},"loc":{"start":{"line":19,"column":38},"end":{"line":33,"column":null}},"line":19},"2":{"name":"(anonymous_2)","decl":{"start":{"line":35,"column":23},"end":{"line":35,"column":24}},"loc":{"start":{"line":35,"column":70},"end":{"line":41,"column":null}},"line":35},"3":{"name":"(anonymous_3)","decl":{"start":{"line":43,"column":28},"end":{"line":43,"column":29}},"loc":{"start":{"line":43,"column":105},"end":{"line":46,"column":null}},"line":43},"4":{"name":"(anonymous_4)","decl":{"start":{"line":45,"column":33},"end":{"line":45,"column":42}},"loc":{"start":{"line":45,"column":42},"end":{"line":45,"column":74}},"line":45},"5":{"name":"(anonymous_5)","decl":{"start":{"line":59,"column":172},"end":{"line":59,"column":173}},"loc":{"start":{"line":59,"column":179},"end":{"line":59,"column":231}},"line":59},"6":{"name":"(anonymous_6)","decl":{"start":{"line":65,"column":178},"end":{"line":65,"column":179}},"loc":{"start":{"line":65,"column":185},"end":{"line":65,"column":239}},"line":65}},"branchMap":{"0":{"loc":{"start":{"line":23,"column":4},"end":{"line":23,"column":null}},"type":"if","locations":[{"start":{"line":23,"column":4},"end":{"line":23,"column":null}},{"start":{},"end":{}}],"line":23},"1":{"loc":{"start":{"line":25,"column":4},"end":{"line":29,"column":null}},"type":"if","locations":[{"start":{"line":25,"column":4},"end":{"line":29,"column":null}},{"start":{"line":27,"column":4},"end":{"line":29,"column":null}}],"line":25},"2":{"loc":{"start":{"line":27,"column":4},"end":{"line":29,"column":null}},"type":"if","locations":[{"start":{"line":27,"column":4},"end":{"line":29,"column":null}},{"start":{},"end":{}}],"line":27},"3":{"loc":{"start":{"line":37,"column":4},"end":{"line":40,"column":null}},"type":"if","locations":[{"start":{"line":37,"column":4},"end":{"line":40,"column":null}},{"start":{},"end":{}}],"line":37},"4":{"loc":{"start":{"line":45,"column":4},"end":{"line":45,"column":null}},"type":"if","locations":[{"start":{"line":45,"column":4},"end":{"line":45,"column":null}},{"start":{},"end":{}}],"line":45},"5":{"loc":{"start":{"line":59,"column":91},"end":{"line":59,"column":133}},"type":"cond-expr","locations":[{"start":{"line":59,"column":105},"end":{"line":59,"column":131}},{"start":{"line":59,"column":131},"end":{"line":59,"column":133}}],"line":59},"6":{"loc":{"start":{"line":60,"column":13},"end":{"line":60,"column":null}},"type":"binary-expr","locations":[{"start":{"line":60,"column":13},"end":{"line":60,"column":28}},{"start":{"line":60,"column":28},"end":{"line":60,"column":null}}],"line":60},"7":{"loc":{"start":{"line":65,"column":60},"end":{"line":65,"column":103}},"type":"cond-expr","locations":[{"start":{"line":65,"column":75},"end":{"line":65,"column":101}},{"start":{"line":65,"column":101},"end":{"line":65,"column":103}}],"line":65},"8":{"loc":{"start":{"line":66,"column":13},"end":{"line":66,"column":null}},"type":"binary-expr","locations":[{"start":{"line":66,"column":13},"end":{"line":66,"column":29}},{"start":{"line":66,"column":29},"end":{"line":66,"column":null}}],"line":66}},"s":{"0":1,"1":9,"2":9,"3":9,"4":9,"5":9,"6":9,"7":3,"8":3,"9":3,"10":1,"11":3,"12":1,"13":2,"14":1,"15":3,"16":3,"17":9,"18":3,"19":3,"20":1,"21":1,"22":9,"23":4,"24":4,"25":3,"26":3,"27":9,"28":2,"29":2},"f":{"0":9,"1":3,"2":3,"3":4,"4":3,"5":2,"6":2},"b":{"0":[1,2],"1":[1,2],"2":[1,1],"3":[1,2],"4":[3,1],"5":[1,8],"6":[9,1],"7":[4,5],"8":[9,4]},"meta":{"lastBranch":9,"lastFunction":7,"lastStatement":30,"seen":{"s:11:27:74:Infinity":0,"f:11:27:11:33":0,"s:12:22:12:Infinity":1,"s:13:24:13:Infinity":2,"s:14:26:14:Infinity":3,"s:16:16:16:Infinity":4,"s:17:8:17:Infinity":5,"s:19:23:33:Infinity":6,"f:19:23:19:38":1,"s:20:38:20:Infinity":7,"s:21:23:21:Infinity":8,"b:23:4:23:Infinity:undefined:undefined:undefined:undefined":0,"s:23:4:23:Infinity":9,"s:23:22:23:Infinity":10,"b:25:4:29:Infinity:27:4:29:Infinity":1,"s:25:4:29:Infinity":11,"s:26:6:26:Infinity":12,"b:27:4:29:Infinity:undefined:undefined:undefined:undefined":2,"s:27:4:29:Infinity":13,"s:28:6:28:Infinity":14,"s:31:4:31:Infinity":15,"s:32:4:32:Infinity":16,"s:35:23:41:Infinity":17,"f:35:23:35:24":2,"s:36:4:36:Infinity":18,"b:37:4:40:Infinity:undefined:undefined:undefined:undefined":3,"s:37:4:40:Infinity":19,"s:38:6:38:Infinity":20,"s:39:6:39:Infinity":21,"s:43:28:46:Infinity":22,"f:43:28:43:29":3,"s:44:4:44:Infinity":23,"b:45:4:45:Infinity:undefined:undefined:undefined:undefined":4,"s:45:4:45:Infinity":24,"s:45:23:45:Infinity":25,"f:45:33:45:42":4,"s:45:42:45:74":26,"s:48:2:72:Infinity":27,"b:59:105:59:131:59:131:59:133":5,"f:59:172:59:173":5,"s:59:179:59:231":28,"b:60:13:60:28:60:28:60:Infinity":6,"b:65:75:65:101:65:101:65:103":7,"f:65:178:65:179":6,"s:65:185:65:239":29,"b:66:13:66:29:66:29:66:Infinity":8}}}
,"C:\\Users\\sarac\\Desktop\\react\\proyecto\\src\\pages\\Stores\\Stores.tsx": {"path":"C:\\Users\\sarac\\Desktop\\react\\proyecto\\src\\pages\\Stores\\Stores.tsx","statementMap":{"0":{"start":{"line":10,"column":19},"end":{"line":14,"column":null}},"1":{"start":{"line":22,"column":8},"end":{"line":22,"column":null}},"2":{"start":{"line":23,"column":2},"end":{"line":28,"column":null}},"3":{"start":{"line":24,"column":4},"end":{"line":27,"column":null}},"4":{"start":{"line":25,"column":6},"end":{"line":25,"column":null}},"5":{"start":{"line":26,"column":6},"end":{"line":26,"column":null}},"6":{"start":{"line":29,"column":2},"end":{"line":29,"column":null}},"7":{"start":{"line":32,"column":25},"end":{"line":120,"column":null}},"8":{"start":{"line":33,"column":41},"end":{"line":33,"column":null}},"9":{"start":{"line":34,"column":22},"end":{"line":34,"column":null}},"10":{"start":{"line":35,"column":22},"end":{"line":35,"column":null}},"11":{"start":{"line":36,"column":8},"end":{"line":36,"column":null}},"12":{"start":{"line":38,"column":22},"end":{"line":42,"column":null}},"13":{"start":{"line":39,"column":4},"end":{"line":41,"column":null}},"14":{"start":{"line":40,"column":6},"end":{"line":40,"column":null}},"15":{"start":{"line":44,"column":27},"end":{"line":48,"column":null}},"16":{"start":{"line":45,"column":4},"end":{"line":45,"column":null}},"17":{"start":{"line":46,"column":4},"end":{"line":46,"column":null}},"18":{"start":{"line":47,"column":4},"end":{"line":47,"column":null}},"19":{"start":{"line":50,"column":22},"end":{"line":54,"column":null}},"20":{"start":{"line":51,"column":4},"end":{"line":51,"column":null}},"21":{"start":{"line":52,"column":4},"end":{"line":52,"column":null}},"22":{"start":{"line":53,"column":4},"end":{"line":53,"column":null}},"23":{"start":{"line":56,"column":2},"end":{"line":118,"column":null}},"24":{"start":{"line":73,"column":36},"end":{"line":73,"column":null}},"25":{"start":{"line":74,"column":36},"end":{"line":74,"column":null}},"26":{"start":{"line":75,"column":33},"end":{"line":75,"column":null}},"27":{"start":{"line":77,"column":16},"end":{"line":89,"column":null}},"28":{"start":{"line":82,"column":37},"end":{"line":82,"column":null}},"29":{"start":{"line":107,"column":18},"end":{"line":111,"column":null}}},"fnMap":{"0":{"name":"MapController","decl":{"start":{"line":21,"column":9},"end":{"line":21,"column":23}},"loc":{"start":{"line":21,"column":61},"end":{"line":30,"column":null}},"line":21},"1":{"name":"(anonymous_1)","decl":{"start":{"line":23,"column":12},"end":{"line":23,"column":18}},"loc":{"start":{"line":23,"column":18},"end":{"line":28,"column":5}},"line":23},"2":{"name":"(anonymous_2)","decl":{"start":{"line":32,"column":25},"end":{"line":32,"column":31}},"loc":{"start":{"line":32,"column":31},"end":{"line":120,"column":null}},"line":32},"3":{"name":"(anonymous_3)","decl":{"start":{"line":38,"column":22},"end":{"line":38,"column":34}},"loc":{"start":{"line":38,"column":34},"end":{"line":42,"column":null}},"line":38},"4":{"name":"(anonymous_4)","decl":{"start":{"line":44,"column":27},"end":{"line":44,"column":28}},"loc":{"start":{"line":44,"column":63},"end":{"line":48,"column":null}},"line":44},"5":{"name":"(anonymous_5)","decl":{"start":{"line":50,"column":22},"end":{"line":50,"column":34}},"loc":{"start":{"line":50,"column":34},"end":{"line":54,"column":null}},"line":50},"6":{"name":"(anonymous_6)","decl":{"start":{"line":72,"column":26},"end":{"line":72,"column":27}},"loc":{"start":{"line":72,"column":44},"end":{"line":91,"column":15}},"line":72},"7":{"name":"(anonymous_7)","decl":{"start":{"line":82,"column":31},"end":{"line":82,"column":37}},"loc":{"start":{"line":82,"column":37},"end":{"line":82,"column":null}},"line":82},"8":{"name":"(anonymous_8)","decl":{"start":{"line":106,"column":28},"end":{"line":106,"column":29}},"loc":{"start":{"line":107,"column":18},"end":{"line":111,"column":null}},"line":107}},"branchMap":{"0":{"loc":{"start":{"line":24,"column":4},"end":{"line":27,"column":null}},"type":"if","locations":[{"start":{"line":24,"column":4},"end":{"line":27,"column":null}},{"start":{},"end":{}}],"line":24},"1":{"loc":{"start":{"line":39,"column":4},"end":{"line":41,"column":null}},"type":"if","locations":[{"start":{"line":39,"column":4},"end":{"line":41,"column":null}},{"start":{},"end":{}}],"line":39},"2":{"loc":{"start":{"line":75,"column":33},"end":{"line":75,"column":null}},"type":"binary-expr","locations":[{"start":{"line":75,"column":33},"end":{"line":75,"column":70}},{"start":{"line":75,"column":70},"end":{"line":75,"column":null}}],"line":75},"3":{"loc":{"start":{"line":81,"column":49},"end":{"line":81,"column":76}},"type":"cond-expr","locations":[{"start":{"line":81,"column":60},"end":{"line":81,"column":74}},{"start":{"line":81,"column":74},"end":{"line":81,"column":76}}],"line":81},"4":{"loc":{"start":{"line":83,"column":36},"end":{"line":83,"column":null}},"type":"cond-expr","locations":[{"start":{"line":83,"column":47},"end":{"line":83,"column":60}},{"start":{"line":83,"column":60},"end":{"line":83,"column":null}}],"line":83}},"s":{"0":1,"1":9,"2":9,"3":9,"4":8,"5":8,"6":9,"7":1,"8":9,"9":9,"10":9,"11":9,"12":9,"13":4,"14":1,"15":9,"16":3,"17":3,"18":3,"19":9,"20":1,"21":1,"22":1,"23":9,"24":9,"25":9,"26":9,"27":9,"28":3,"29":9},"f":{"0":9,"1":9,"2":9,"3":4,"4":3,"5":1,"6":9,"7":3,"8":9},"b":{"0":[8,1],"1":[1,3],"2":[9,3],"3":[3,6],"4":[3,6]},"meta":{"lastBranch":5,"lastFunction":9,"lastStatement":30,"seen":{"s:10:19:14:Infinity":0,"f:21:9:21:23":0,"s:22:8:22:Infinity":1,"s:23:2:28:Infinity":2,"f:23:12:23:18":1,"b:24:4:27:Infinity:undefined:undefined:undefined:undefined":0,"s:24:4:27:Infinity":3,"s:25:6:25:Infinity":4,"s:26:6:26:Infinity":5,"s:29:2:29:Infinity":6,"s:32:25:120:Infinity":7,"f:32:25:32:31":2,"s:33:41:33:Infinity":8,"s:34:22:34:Infinity":9,"s:35:22:35:Infinity":10,"s:36:8:36:Infinity":11,"s:38:22:42:Infinity":12,"f:38:22:38:34":3,"b:39:4:41:Infinity:undefined:undefined:undefined:undefined":1,"s:39:4:41:Infinity":13,"s:40:6:40:Infinity":14,"s:44:27:48:Infinity":15,"f:44:27:44:28":4,"s:45:4:45:Infinity":16,"s:46:4:46:Infinity":17,"s:47:4:47:Infinity":18,"s:50:22:54:Infinity":19,"f:50:22:50:34":5,"s:51:4:51:Infinity":20,"s:52:4:52:Infinity":21,"s:53:4:53:Infinity":22,"s:56:2:118:Infinity":23,"f:72:26:72:27":6,"s:73:36:73:Infinity":24,"s:74:36:74:Infinity":25,"s:75:33:75:Infinity":26,"b:75:33:75:70:75:70:75:Infinity":2,"s:77:16:89:Infinity":27,"b:81:60:81:74:81:74:81:76":3,"f:82:31:82:37":7,"s:82:37:82:Infinity":28,"b:83:47:83:60:83:60:83:Infinity":4,"f:106:28:106:29":8,"s:107:18:111:Infinity":29}}}
,"C:\\Users\\sarac\\Desktop\\react\\proyecto\\src\\pages\\Wishlist\\Wishlist.tsx": {"path":"C:\\Users\\sarac\\Desktop\\react\\proyecto\\src\\pages\\Wishlist\\Wishlist.tsx","statementMap":{"0":{"start":{"line":8,"column":27},"end":{"line":50,"column":null}},"1":{"start":{"line":9,"column":35},"end":{"line":9,"column":null}},"2":{"start":{"line":11,"column":2},"end":{"line":48,"column":null}},"3":{"start":{"line":27,"column":16},"end":{"line":32,"column":null}}},"fnMap":{"0":{"name":"(anonymous_0)","decl":{"start":{"line":8,"column":27},"end":{"line":8,"column":33}},"loc":{"start":{"line":8,"column":33},"end":{"line":50,"column":null}},"line":8},"1":{"name":"(anonymous_1)","decl":{"start":{"line":26,"column":28},"end":{"line":26,"column":29}},"loc":{"start":{"line":27,"column":16},"end":{"line":32,"column":null}},"line":27}},"branchMap":{"0":{"loc":{"start":{"line":14,"column":9},"end":{"line":45,"column":null}},"type":"cond-expr","locations":[{"start":{"line":15,"column":10},"end":{"line":35,"column":null}},{"start":{"line":37,"column":10},"end":{"line":45,"column":null}}],"line":14},"1":{"loc":{"start":{"line":21,"column":35},"end":{"line":21,"column":76}},"type":"cond-expr","locations":[{"start":{"line":21,"column":59},"end":{"line":21,"column":68}},{"start":{"line":21,"column":68},"end":{"line":21,"column":76}}],"line":21}},"s":{"0":1,"1":4,"2":4,"3":4},"f":{"0":4,"1":4},"b":{"0":[3,1],"1":[2,1]},"meta":{"lastBranch":2,"lastFunction":2,"lastStatement":4,"seen":{"s:8:27:50:Infinity":0,"f:8:27:8:33":0,"s:9:35:9:Infinity":1,"s:11:2:48:Infinity":2,"b:15:10:35:Infinity:37:10:45:Infinity":0,"b:21:59:21:68:21:68:21:76":1,"f:26:28:26:29":1,"s:27:16:32:Infinity":3}}}
,"C:\\Users\\sarac\\Desktop\\react\\proyecto\\src\\routes\\AppRouter.tsx": {"path":"C:\\Users\\sarac\\Desktop\\react\\proyecto\\src\\routes\\AppRouter.tsx","statementMap":{"0":{"start":{"line":15,"column":28},"end":{"line":31,"column":null}},"1":{"start":{"line":16,"column":2},"end":{"line":29,"column":null}}},"fnMap":{"0":{"name":"(anonymous_0)","decl":{"start":{"line":15,"column":28},"end":{"line":15,"column":34}},"loc":{"start":{"line":15,"column":34},"end":{"line":31,"column":null}},"line":15}},"branchMap":{},"s":{"0":1,"1":10},"f":{"0":10},"b":{},"meta":{"lastBranch":0,"lastFunction":1,"lastStatement":2,"seen":{"s:15:28:31:Infinity":0,"f:15:28:15:34":0,"s:16:2:29:Infinity":1}}}
,"C:\\Users\\sarac\\Desktop\\react\\proyecto\\src\\test\\test-utils.tsx": {"path":"C:\\Users\\sarac\\Desktop\\react\\proyecto\\src\\test\\test-utils.tsx","statementMap":{"0":{"start":{"line":10,"column":24},"end":{"line":24,"column":null}},"1":{"start":{"line":11,"column":2},"end":{"line":22,"column":null}},"2":{"start":{"line":26,"column":21},"end":{"line":34,"column":null}},"3":{"start":{"line":30,"column":2},"end":{"line":33,"column":null}}},"fnMap":{"0":{"name":"(anonymous_0)","decl":{"start":{"line":10,"column":24},"end":{"line":10,"column":25}},"loc":{"start":{"line":10,"column":67},"end":{"line":24,"column":null}},"line":10},"1":{"name":"(anonymous_1)","decl":{"start":{"line":26,"column":21},"end":{"line":26,"column":null}},"loc":{"start":{"line":29,"column":5},"end":{"line":34,"column":null}},"line":29}},"branchMap":{},"s":{"0":20,"1":85,"2":20,"3":82},"f":{"0":85,"1":82},"b":{},"meta":{"lastBranch":0,"lastFunction":2,"lastStatement":4,"seen":{"s:10:24:24:Infinity":0,"f:10:24:10:25":0,"s:11:2:22:Infinity":1,"s:26:21:34:Infinity":2,"f:26:21:26:Infinity":1,"s:30:2:33:Infinity":3}}}
}
